2017-11-21 15:00:33.068 [main] DEBUG com.ywt.jhamster.web.Start - Running with Spring Boot v1.4.2.RELEASE, Spring v4.3.4.RELEASE
2017-11-21 15:00:37.073 [main] DEBUG com.ywt.jhamster.common.utils.SpringContextHolder - 注入ApplicationContext到SpringContextHolder:org.springframework.boot.context.embedded.AnnotationConfigEmbeddedWebApplicationContext@2459270: startup date [Tue Nov 21 15:00:33 CST 2017]; root of context hierarchy
2017-11-21 15:00:57.190 [main] DEBUG io.netty.util.internal.logging.InternalLoggerFactory - Using SLF4J as the default logging framework
2017-11-21 15:00:57.196 [main] DEBUG io.netty.channel.MultithreadEventLoopGroup - -Dio.netty.eventLoopThreads: 8
2017-11-21 15:00:57.205 [main] DEBUG io.netty.util.internal.PlatformDependent0 - java.nio.Buffer.address: available
2017-11-21 15:00:57.205 [main] DEBUG io.netty.util.internal.PlatformDependent0 - sun.misc.Unsafe.theUnsafe: available
2017-11-21 15:00:57.206 [main] DEBUG io.netty.util.internal.PlatformDependent0 - sun.misc.Unsafe.copyMemory: available
2017-11-21 15:00:57.206 [main] DEBUG io.netty.util.internal.PlatformDependent0 - java.nio.Bits.unaligned: true
2017-11-21 15:00:57.207 [main] DEBUG io.netty.util.internal.PlatformDependent - Java version: 7
2017-11-21 15:00:57.208 [main] DEBUG io.netty.util.internal.PlatformDependent - -Dio.netty.noUnsafe: false
2017-11-21 15:00:57.208 [main] DEBUG io.netty.util.internal.PlatformDependent - sun.misc.Unsafe: available
2017-11-21 15:00:57.208 [main] DEBUG io.netty.util.internal.PlatformDependent - -Dio.netty.noJavassist: false
2017-11-21 15:00:57.209 [main] DEBUG io.netty.util.internal.PlatformDependent - Javassist: unavailable
2017-11-21 15:00:57.209 [main] DEBUG io.netty.util.internal.PlatformDependent - You don't have Javassist in your class path or you don't have enough permission to load dynamically generated classes.  Please check the configuration for better performance.
2017-11-21 15:00:57.209 [main] DEBUG io.netty.util.internal.PlatformDependent - -Dio.netty.tmpdir: /var/folders/85/vd_f2kmj7s59_gb06nfkh0_80000gn/T (java.io.tmpdir)
2017-11-21 15:00:57.209 [main] DEBUG io.netty.util.internal.PlatformDependent - -Dio.netty.bitMode: 64 (sun.arch.data.model)
2017-11-21 15:00:57.209 [main] DEBUG io.netty.util.internal.PlatformDependent - -Dio.netty.noPreferDirect: false
2017-11-21 15:00:57.232 [main] DEBUG io.netty.channel.nio.NioEventLoop - -Dio.netty.noKeySetOptimization: false
2017-11-21 15:00:57.233 [main] DEBUG io.netty.channel.nio.NioEventLoop - -Dio.netty.selectorAutoRebuildThreshold: 512
2017-11-21 15:00:57.352 [MQClientFactoryScheduledThread] DEBUG io.netty.util.internal.ThreadLocalRandom - -Dio.netty.initialSeedUniquifier: 0x7f7397aa073559d3 (took 40 ms)
2017-11-21 15:00:57.411 [MQClientFactoryScheduledThread] DEBUG io.netty.buffer.ByteBufUtil - -Dio.netty.allocator.type: unpooled
2017-11-21 15:00:57.411 [MQClientFactoryScheduledThread] DEBUG io.netty.buffer.ByteBufUtil - -Dio.netty.threadLocalDirectBufferSize: 65536
2017-11-21 15:00:57.412 [MQClientFactoryScheduledThread] DEBUG io.netty.buffer.ByteBufUtil - -Dio.netty.maxThreadLocalCharBufferSize: 16384
2017-11-21 15:00:57.468 [MQClientFactoryScheduledThread] DEBUG io.netty.util.Recycler - -Dio.netty.recycler.maxCapacity.default: 262144
2017-11-21 15:00:57.481 [NettyClientWorkerThread_1] DEBUG io.netty.buffer.AbstractByteBuf - -Dio.netty.buffer.bytebuf.checkAccessible: true
2017-11-21 15:00:57.483 [NettyClientWorkerThread_1] DEBUG io.netty.util.ResourceLeakDetector - -Dio.netty.leakDetection.level: simple
2017-11-21 15:00:57.484 [NettyClientWorkerThread_1] DEBUG io.netty.util.ResourceLeakDetector - -Dio.netty.leakDetection.maxRecords: 4
2017-11-21 15:00:57.654 [NettyClientSelector_1] DEBUG io.netty.util.internal.Cleaner0 - java.nio.ByteBuffer.cleaner(): available
2017-11-21 15:00:59.237 [main] DEBUG com.ywt.jhamster.dal.system.SystemConfigMapperExt.queryAllConfigs - ==>  Preparing: select * from system_config; 
2017-11-21 15:00:59.305 [main] DEBUG com.ywt.jhamster.dal.system.SystemConfigMapperExt.queryAllConfigs - ==> Parameters: 
2017-11-21 15:00:59.359 [main] DEBUG com.ywt.jhamster.dal.system.SystemConfigMapperExt.queryAllConfigs - <==      Total: 14
2017-11-21 15:00:59.360 [main] DEBUG com.alibaba.druid.pool.PreparedStatementPool - {conn-10001, pstmt-20000} enter cache
