2017-11-16 14:37:43.819 [main] DEBUG com.ywt.jhamster.web.Start - Running with Spring Boot v1.4.2.RELEASE, Spring v4.3.4.RELEASE
2017-11-16 14:37:49.581 [main] DEBUG com.ywt.jhamster.common.utils.SpringContextHolder - 注入ApplicationContext到SpringContextHolder:org.springframework.boot.context.embedded.AnnotationConfigEmbeddedWebApplicationContext@4dcb3539: startup date [Thu Nov 16 14:37:43 CST 2017]; root of context hierarchy
2017-11-16 14:38:09.754 [main] DEBUG io.netty.util.internal.logging.InternalLoggerFactory - Using SLF4J as the default logging framework
2017-11-16 14:38:09.768 [main] DEBUG io.netty.channel.MultithreadEventLoopGroup - -Dio.netty.eventLoopThreads: 8
2017-11-16 14:38:09.780 [main] DEBUG io.netty.util.internal.PlatformDependent0 - java.nio.Buffer.address: available
2017-11-16 14:38:09.780 [main] DEBUG io.netty.util.internal.PlatformDependent0 - sun.misc.Unsafe.theUnsafe: available
2017-11-16 14:38:09.780 [main] DEBUG io.netty.util.internal.PlatformDependent0 - sun.misc.Unsafe.copyMemory: available
2017-11-16 14:38:09.781 [main] DEBUG io.netty.util.internal.PlatformDependent0 - java.nio.Bits.unaligned: true
2017-11-16 14:38:09.782 [main] DEBUG io.netty.util.internal.PlatformDependent - Java version: 7
2017-11-16 14:38:09.782 [main] DEBUG io.netty.util.internal.PlatformDependent - -Dio.netty.noUnsafe: false
2017-11-16 14:38:09.782 [main] DEBUG io.netty.util.internal.PlatformDependent - sun.misc.Unsafe: available
2017-11-16 14:38:09.783 [main] DEBUG io.netty.util.internal.PlatformDependent - -Dio.netty.noJavassist: false
2017-11-16 14:38:09.784 [main] DEBUG io.netty.util.internal.PlatformDependent - Javassist: unavailable
2017-11-16 14:38:09.785 [main] DEBUG io.netty.util.internal.PlatformDependent - You don't have Javassist in your class path or you don't have enough permission to load dynamically generated classes.  Please check the configuration for better performance.
2017-11-16 14:38:09.785 [main] DEBUG io.netty.util.internal.PlatformDependent - -Dio.netty.tmpdir: /var/folders/85/vd_f2kmj7s59_gb06nfkh0_80000gn/T (java.io.tmpdir)
2017-11-16 14:38:09.785 [main] DEBUG io.netty.util.internal.PlatformDependent - -Dio.netty.bitMode: 64 (sun.arch.data.model)
2017-11-16 14:38:09.785 [main] DEBUG io.netty.util.internal.PlatformDependent - -Dio.netty.noPreferDirect: false
2017-11-16 14:38:09.820 [main] DEBUG io.netty.channel.nio.NioEventLoop - -Dio.netty.noKeySetOptimization: false
2017-11-16 14:38:09.821 [main] DEBUG io.netty.channel.nio.NioEventLoop - -Dio.netty.selectorAutoRebuildThreshold: 512
2017-11-16 14:38:09.930 [MQClientFactoryScheduledThread] DEBUG io.netty.util.internal.ThreadLocalRandom - -Dio.netty.initialSeedUniquifier: 0x18fa881feb428cae (took 1 ms)
2017-11-16 14:38:10.020 [MQClientFactoryScheduledThread] DEBUG io.netty.buffer.ByteBufUtil - -Dio.netty.allocator.type: unpooled
2017-11-16 14:38:10.021 [MQClientFactoryScheduledThread] DEBUG io.netty.buffer.ByteBufUtil - -Dio.netty.threadLocalDirectBufferSize: 65536
2017-11-16 14:38:10.021 [MQClientFactoryScheduledThread] DEBUG io.netty.buffer.ByteBufUtil - -Dio.netty.maxThreadLocalCharBufferSize: 16384
2017-11-16 14:38:10.085 [MQClientFactoryScheduledThread] DEBUG io.netty.util.Recycler - -Dio.netty.recycler.maxCapacity.default: 262144
2017-11-16 14:38:10.103 [NettyClientWorkerThread_1] DEBUG io.netty.buffer.AbstractByteBuf - -Dio.netty.buffer.bytebuf.checkAccessible: true
2017-11-16 14:38:10.108 [NettyClientWorkerThread_1] DEBUG io.netty.util.ResourceLeakDetector - -Dio.netty.leakDetection.level: simple
2017-11-16 14:38:10.108 [NettyClientWorkerThread_1] DEBUG io.netty.util.ResourceLeakDetector - -Dio.netty.leakDetection.maxRecords: 4
2017-11-16 14:38:10.362 [NettyClientSelector_1] DEBUG io.netty.util.internal.Cleaner0 - java.nio.ByteBuffer.cleaner(): available
2017-11-16 14:38:13.581 [main] DEBUG com.ywt.jhamster.dal.system.SystemConfigMapperExt.queryAllConfigs - ==>  Preparing: select * from system_config; 
2017-11-16 14:38:13.694 [main] DEBUG com.ywt.jhamster.dal.system.SystemConfigMapperExt.queryAllConfigs - ==> Parameters: 
2017-11-16 14:38:13.756 [main] DEBUG com.ywt.jhamster.dal.system.SystemConfigMapperExt.queryAllConfigs - <==      Total: 14
2017-11-16 14:38:13.758 [main] DEBUG com.alibaba.druid.pool.PreparedStatementPool - {conn-10001, pstmt-20000} enter cache
2017-11-16 14:42:06.332 [http-nio-8080-exec-1] DEBUG com.ywt.jhamster.dal.business.OrdersMapper.insert - ==>  Preparing: insert into orders (id, uid, ref_order_id, subject, goods_type, word_server, character_id, character_name, total_amount, receipt_amount, pay_type, status, remark, create_time) values (?, ?, ?, ?, ?, ?, ?, ?, ?, ?, ?, ?, ?, ?) 
2017-11-16 14:42:06.355 [http-nio-8080-exec-1] DEBUG com.ywt.jhamster.dal.business.OrdersMapper.insert - ==> Parameters: Y0101201711167174848(String), 1(Integer), null, 回忆童年500元(String), 0(Integer), 10(Integer), 0(Integer), 哇哈哈(String), 500(BigDecimal), null, 1(Integer), 0(Integer), null, 2017-11-16 14:42:06.295(Timestamp)
2017-11-16 14:42:06.371 [http-nio-8080-exec-1] DEBUG com.ywt.jhamster.dal.business.OrdersMapper.insert - <==    Updates: 1
2017-11-16 14:42:06.374 [http-nio-8080-exec-1] DEBUG com.alibaba.druid.pool.PreparedStatementPool - {conn-10001, pstmt-20001} enter cache
2017-11-16 14:42:06.811 [http-nio-8080-exec-1] DEBUG sdk.biz.err - 2017-11-16 14:42:06^_^https://openapi.alipaydev.com/gateway.do?alipay_sdk=alipay-sdk-java-dynamicVersionNo&app_id=2016080700191416&biz_content=%7B%22goods_type%22%3A%220%22%2C%22out_trade_no%22%3A%22Y0101201711167174848%22%2C%22product_code%22%3A%22FAST_INSTANT_TRADE_PAY%22%2C%22subject%22%3A%22%E5%9B%9E%E5%BF%86%E7%AB%A5%E5%B9%B4500%E5%85%83%22%2C%22timeout_express%22%3A%2210m%22%2C%22total_amount%22%3A500%7D&charset=UTF-8&format=json&method=alipay.trade.page.pay&notify_url=http%3A%2F%2F192.168.0.1%3A8080&return_url=http%3A%2F%2F192.168.0.1%3A8080%2Fzfb%2Fnotify%2Frecharge&sign=WY%2BLl1Gef9ywFr44sU8pBJc1E1y3Ofws3mowH4Zfqrq8aKTpXF6XG8Ez7B8v3kYYbI2WAbRlJXMPUhLyKDOFgUiuaGDRiho%2BIYf4latICjeQ5xHQYNCBWde3QvWaPgjjhfxRZE0GKxHsBjpOVGUUoKun2UpZn35mdLAFxx0uu86Yyrfto9tEJQhglKbToiUdTvCUrA6b9v5L8flcLo0xJ008X4A9dSUERWM1NZcGcDX%2BnSs9AoTGKpojk%2FIMHfahaR2p39TlK%2FZJ2TUjXgDTosRaRc1WjdCEL6I5aIupIQIX8eh1FLRI3q9f6u4uc5lV1eW8Qk0Bhzo8C8mJ1GptIw%3D%3D&sign_type=RSA2&timestamp=2017-11-16+14%3A42%3A06&version=1.0&sign=WY%2BLl1Gef9ywFr44sU8pBJc1E1y3Ofws3mowH4Zfqrq8aKTpXF6XG8Ez7B8v3kYYbI2WAbRlJXMPUhLyKDOFgUiuaGDRiho%2BIYf4latICjeQ5xHQYNCBWde3QvWaPgjjhfxRZE0GKxHsBjpOVGUUoKun2UpZn35mdLAFxx0uu86Yyrfto9tEJQhglKbToiUdTvCUrA6b9v5L8flcLo0xJ008X4A9dSUERWM1NZcGcDX%2BnSs9AoTGKpojk%2FIMHfahaR2p39TlK%2FZJ2TUjXgDTosRaRc1WjdCEL6I5aIupIQIX8eh1FLRI3q9f6u4uc5lV1eW8Qk0Bhzo8C8mJ1GptIw%3D%3D
2017-11-16 14:42:45.176 [http-nio-8080-exec-2] DEBUG com.ywt.jhamster.dal.business.OrdersMapper.insert - ==>  Preparing: insert into orders (id, uid, ref_order_id, subject, goods_type, word_server, character_id, character_name, total_amount, receipt_amount, pay_type, status, remark, create_time) values (?, ?, ?, ?, ?, ?, ?, ?, ?, ?, ?, ?, ?, ?) 
2017-11-16 14:42:45.189 [http-nio-8080-exec-2] DEBUG com.ywt.jhamster.dal.business.OrdersMapper.insert - ==> Parameters: Y0101201711163707771(String), 1(Integer), null, 回忆童年500元(String), 0(Integer), 10(Integer), 0(Integer), 哇哈哈(String), 500(BigDecimal), null, 1(Integer), 0(Integer), null, 2017-11-16 14:42:45.173(Timestamp)
2017-11-16 14:42:45.224 [http-nio-8080-exec-2] DEBUG com.ywt.jhamster.dal.business.OrdersMapper.insert - <==    Updates: 1
2017-11-16 14:42:45.384 [http-nio-8080-exec-2] DEBUG sdk.biz.err - 2017-11-16 14:42:45^_^https://openapi.alipaydev.com/gateway.do?alipay_sdk=alipay-sdk-java-dynamicVersionNo&app_id=2016080700191416&biz_content=%7B%22goods_type%22%3A%220%22%2C%22out_trade_no%22%3A%22Y0101201711163707771%22%2C%22product_code%22%3A%22FAST_INSTANT_TRADE_PAY%22%2C%22subject%22%3A%22%E5%9B%9E%E5%BF%86%E7%AB%A5%E5%B9%B4500%E5%85%83%22%2C%22timeout_express%22%3A%2210m%22%2C%22total_amount%22%3A500%7D&charset=UTF-8&format=json&method=alipay.trade.page.pay&notify_url=http%3A%2F%2F192.168.0.1%3A8080&return_url=http%3A%2F%2F192.168.0.1%3A8080%2Fzfb%2Fnotify%2Frecharge&sign=dCNEDbYNK5Hr%2FWGpWyH6zTDsJ77%2BSGVy4XgoHuzDDpT4C1qBdjhLd0Lr4dkSnjf0PsiFb5hLr0Y95Gje8wU5gveTrn5AoZ%2FYtsnk6%2BB4RJrTx6xcXgFJPhPM%2BR4VQsAOw1W%2FjZWisNiB4GVIFKwDdfywn9GCFal94lVz3jfk2dcRYchM9Bi86up2jhUq6soNa3EKXCbfp%2BZ%2FL7RFMDaIAk7w8dHP6Q222V9e0ivQu2qBIu8WB376d02P4n8N4vdbhckSoV3S%2BsHrTvYM0TNQbnp0Kp1A%2FiDwXWzOJhwO8ZUK6rbtiJ42rDTdHTYgrMCsviTgJI9CUKtVFlFoUBk9SQ%3D%3D&sign_type=RSA2&timestamp=2017-11-16+14%3A42%3A45&version=1.0&sign=dCNEDbYNK5Hr%2FWGpWyH6zTDsJ77%2BSGVy4XgoHuzDDpT4C1qBdjhLd0Lr4dkSnjf0PsiFb5hLr0Y95Gje8wU5gveTrn5AoZ%2FYtsnk6%2BB4RJrTx6xcXgFJPhPM%2BR4VQsAOw1W%2FjZWisNiB4GVIFKwDdfywn9GCFal94lVz3jfk2dcRYchM9Bi86up2jhUq6soNa3EKXCbfp%2BZ%2FL7RFMDaIAk7w8dHP6Q222V9e0ivQu2qBIu8WB376d02P4n8N4vdbhckSoV3S%2BsHrTvYM0TNQbnp0Kp1A%2FiDwXWzOJhwO8ZUK6rbtiJ42rDTdHTYgrMCsviTgJI9CUKtVFlFoUBk9SQ%3D%3D
2017-11-16 14:43:00.302 [http-nio-8080-exec-3] DEBUG com.ywt.jhamster.dal.business.OrdersMapper.insert - ==>  Preparing: insert into orders (id, uid, ref_order_id, subject, goods_type, word_server, character_id, character_name, total_amount, receipt_amount, pay_type, status, remark, create_time) values (?, ?, ?, ?, ?, ?, ?, ?, ?, ?, ?, ?, ?, ?) 
2017-11-16 14:43:00.312 [http-nio-8080-exec-3] DEBUG com.ywt.jhamster.dal.business.OrdersMapper.insert - ==> Parameters: Y0101201711162419507(String), 1(Integer), null, 回忆童年500元(String), 0(Integer), 10(Integer), 0(Integer), 哇哈哈(String), 500(BigDecimal), null, 1(Integer), 0(Integer), null, 2017-11-16 14:43:00.301(Timestamp)
2017-11-16 14:43:00.326 [http-nio-8080-exec-3] DEBUG com.ywt.jhamster.dal.business.OrdersMapper.insert - <==    Updates: 1
2017-11-16 14:43:00.369 [http-nio-8080-exec-3] DEBUG sdk.biz.err - 2017-11-16 14:43:00^_^https://openapi.alipaydev.com/gateway.do?alipay_sdk=alipay-sdk-java-dynamicVersionNo&app_id=2016080700191416&biz_content=%7B%22goods_type%22%3A%220%22%2C%22out_trade_no%22%3A%22Y0101201711162419507%22%2C%22product_code%22%3A%22FAST_INSTANT_TRADE_PAY%22%2C%22subject%22%3A%22%E5%9B%9E%E5%BF%86%E7%AB%A5%E5%B9%B4500%E5%85%83%22%2C%22timeout_express%22%3A%2210m%22%2C%22total_amount%22%3A500%7D&charset=UTF-8&format=json&method=alipay.trade.page.pay&notify_url=http%3A%2F%2F192.168.0.1%3A8080&return_url=http%3A%2F%2F192.168.0.1%3A8080%2Fzfb%2Fnotify%2Frecharge&sign=NADrqmlvVUQoBVlde3BV1F6q8EwNynHMxUjxcZT0dRK0rsojsDJD1vroZcG3zchT5BPuIkzVN68eF13jCtJ6j4UQRcemIyer%2FXw8khtuSPP2uzTIs%2Fatjpzs1offvdqitmkNK6qZsXk8U1CeIpwMGLiyoQ%2BfGm4s9etvy9Q%2F0byLARjkQctmdd%2BAg2URP1nL3pQY5eVWLYBvDwao%2BxStrfIpKUVn7aXZkdyZQ0tFsuWZCJYQJcUunvNdoxeE3SmlEGo5cF5i4pFydhfYyM3gl7LzQK7Klxic2S9c3kBDAmhuaoPE1%2BzYbXC0RK8dyVIMDYn5G%2FDytBT4WjM2Y08sIA%3D%3D&sign_type=RSA2&timestamp=2017-11-16+14%3A43%3A00&version=1.0&sign=NADrqmlvVUQoBVlde3BV1F6q8EwNynHMxUjxcZT0dRK0rsojsDJD1vroZcG3zchT5BPuIkzVN68eF13jCtJ6j4UQRcemIyer%2FXw8khtuSPP2uzTIs%2Fatjpzs1offvdqitmkNK6qZsXk8U1CeIpwMGLiyoQ%2BfGm4s9etvy9Q%2F0byLARjkQctmdd%2BAg2URP1nL3pQY5eVWLYBvDwao%2BxStrfIpKUVn7aXZkdyZQ0tFsuWZCJYQJcUunvNdoxeE3SmlEGo5cF5i4pFydhfYyM3gl7LzQK7Klxic2S9c3kBDAmhuaoPE1%2BzYbXC0RK8dyVIMDYn5G%2FDytBT4WjM2Y08sIA%3D%3D
2017-11-16 14:45:14.633 [main] DEBUG com.ywt.jhamster.web.Start - Running with Spring Boot v1.4.2.RELEASE, Spring v4.3.4.RELEASE
2017-11-16 14:45:19.239 [main] DEBUG com.ywt.jhamster.common.utils.SpringContextHolder - 注入ApplicationContext到SpringContextHolder:org.springframework.boot.context.embedded.AnnotationConfigEmbeddedWebApplicationContext@6432d4a8: startup date [Thu Nov 16 14:45:14 CST 2017]; root of context hierarchy
2017-11-16 14:45:39.398 [main] DEBUG io.netty.util.internal.logging.InternalLoggerFactory - Using SLF4J as the default logging framework
2017-11-16 14:45:39.405 [main] DEBUG io.netty.channel.MultithreadEventLoopGroup - -Dio.netty.eventLoopThreads: 8
2017-11-16 14:45:39.427 [main] DEBUG io.netty.util.internal.PlatformDependent0 - java.nio.Buffer.address: available
2017-11-16 14:45:39.427 [main] DEBUG io.netty.util.internal.PlatformDependent0 - sun.misc.Unsafe.theUnsafe: available
2017-11-16 14:45:39.427 [main] DEBUG io.netty.util.internal.PlatformDependent0 - sun.misc.Unsafe.copyMemory: available
2017-11-16 14:45:39.427 [main] DEBUG io.netty.util.internal.PlatformDependent0 - java.nio.Bits.unaligned: true
2017-11-16 14:45:39.428 [main] DEBUG io.netty.util.internal.PlatformDependent - Java version: 7
2017-11-16 14:45:39.428 [main] DEBUG io.netty.util.internal.PlatformDependent - -Dio.netty.noUnsafe: false
2017-11-16 14:45:39.428 [main] DEBUG io.netty.util.internal.PlatformDependent - sun.misc.Unsafe: available
2017-11-16 14:45:39.429 [main] DEBUG io.netty.util.internal.PlatformDependent - -Dio.netty.noJavassist: false
2017-11-16 14:45:39.430 [main] DEBUG io.netty.util.internal.PlatformDependent - Javassist: unavailable
2017-11-16 14:45:39.431 [main] DEBUG io.netty.util.internal.PlatformDependent - You don't have Javassist in your class path or you don't have enough permission to load dynamically generated classes.  Please check the configuration for better performance.
2017-11-16 14:45:39.431 [main] DEBUG io.netty.util.internal.PlatformDependent - -Dio.netty.tmpdir: /var/folders/85/vd_f2kmj7s59_gb06nfkh0_80000gn/T (java.io.tmpdir)
2017-11-16 14:45:39.431 [main] DEBUG io.netty.util.internal.PlatformDependent - -Dio.netty.bitMode: 64 (sun.arch.data.model)
2017-11-16 14:45:39.431 [main] DEBUG io.netty.util.internal.PlatformDependent - -Dio.netty.noPreferDirect: false
2017-11-16 14:45:39.468 [main] DEBUG io.netty.channel.nio.NioEventLoop - -Dio.netty.noKeySetOptimization: false
2017-11-16 14:45:39.468 [main] DEBUG io.netty.channel.nio.NioEventLoop - -Dio.netty.selectorAutoRebuildThreshold: 512
2017-11-16 14:45:39.593 [MQClientFactoryScheduledThread] DEBUG io.netty.util.internal.ThreadLocalRandom - -Dio.netty.initialSeedUniquifier: 0x71e72727c25721f1 (took 0 ms)
2017-11-16 14:45:39.656 [MQClientFactoryScheduledThread] DEBUG io.netty.buffer.ByteBufUtil - -Dio.netty.allocator.type: unpooled
2017-11-16 14:45:39.656 [MQClientFactoryScheduledThread] DEBUG io.netty.buffer.ByteBufUtil - -Dio.netty.threadLocalDirectBufferSize: 65536
2017-11-16 14:45:39.656 [MQClientFactoryScheduledThread] DEBUG io.netty.buffer.ByteBufUtil - -Dio.netty.maxThreadLocalCharBufferSize: 16384
2017-11-16 14:45:39.697 [MQClientFactoryScheduledThread] DEBUG io.netty.util.Recycler - -Dio.netty.recycler.maxCapacity.default: 262144
2017-11-16 14:45:39.711 [NettyClientWorkerThread_1] DEBUG io.netty.buffer.AbstractByteBuf - -Dio.netty.buffer.bytebuf.checkAccessible: true
2017-11-16 14:45:39.715 [NettyClientWorkerThread_1] DEBUG io.netty.util.ResourceLeakDetector - -Dio.netty.leakDetection.level: simple
2017-11-16 14:45:39.716 [NettyClientWorkerThread_1] DEBUG io.netty.util.ResourceLeakDetector - -Dio.netty.leakDetection.maxRecords: 4
2017-11-16 14:45:39.865 [NettyClientSelector_1] DEBUG io.netty.util.internal.Cleaner0 - java.nio.ByteBuffer.cleaner(): available
2017-11-16 14:45:42.216 [main] DEBUG com.ywt.jhamster.dal.system.SystemConfigMapperExt.queryAllConfigs - ==>  Preparing: select * from system_config; 
2017-11-16 14:45:42.273 [main] DEBUG com.ywt.jhamster.dal.system.SystemConfigMapperExt.queryAllConfigs - ==> Parameters: 
2017-11-16 14:45:42.344 [main] DEBUG com.ywt.jhamster.dal.system.SystemConfigMapperExt.queryAllConfigs - <==      Total: 14
2017-11-16 14:45:42.345 [main] DEBUG com.alibaba.druid.pool.PreparedStatementPool - {conn-10001, pstmt-20000} enter cache
2017-11-16 14:46:19.608 [http-nio-8080-exec-1] DEBUG com.ywt.jhamster.dal.business.OrdersMapper.insert - ==>  Preparing: insert into orders (id, uid, ref_order_id, subject, goods_type, word_server, character_id, character_name, total_amount, receipt_amount, pay_type, status, remark, create_time) values (?, ?, ?, ?, ?, ?, ?, ?, ?, ?, ?, ?, ?, ?) 
2017-11-16 14:46:19.653 [http-nio-8080-exec-1] DEBUG com.ywt.jhamster.dal.business.OrdersMapper.insert - ==> Parameters: Y0101201711166688448(String), 1(Integer), null, 回忆童年100元(String), 0(Integer), 10(Integer), 123(Integer), sadasd(String), 100(BigDecimal), null, 1(Integer), 0(Integer), null, 2017-11-16 14:46:19.547(Timestamp)
2017-11-16 14:46:19.669 [http-nio-8080-exec-1] DEBUG com.ywt.jhamster.dal.business.OrdersMapper.insert - <==    Updates: 1
2017-11-16 14:46:19.670 [http-nio-8080-exec-1] DEBUG com.alibaba.druid.pool.PreparedStatementPool - {conn-10001, pstmt-20001} enter cache
2017-11-16 14:46:20.203 [http-nio-8080-exec-1] DEBUG sdk.biz.err - 2017-11-16 14:46:20^_^https://openapi.alipaydev.com/gateway.do?alipay_sdk=alipay-sdk-java-dynamicVersionNo&app_id=2016080700191416&biz_content=%7B%22goods_type%22%3A%220%22%2C%22out_trade_no%22%3A%22Y0101201711166688448%22%2C%22product_code%22%3A%22FAST_INSTANT_TRADE_PAY%22%2C%22subject%22%3A%22%E5%9B%9E%E5%BF%86%E7%AB%A5%E5%B9%B4100%E5%85%83%22%2C%22timeout_express%22%3A%2210m%22%2C%22total_amount%22%3A100%7D&charset=UTF-8&format=json&method=alipay.trade.page.pay&notify_url=http%3A%2F%2F192.168.0.1%3A8080&return_url=http%3A%2F%2F192.168.0.1%3A8080%2Fzfb%2Fnotify%2Frecharge&sign=nxrHfDRKDtqAeIfLIBQIQbxeO032IM%2Bupxtxsx1ax6bZSMZB1Z4Tjrrx2zlv5jDTIVFwy5J4HhXShdnIHK%2BXI2mXL1InlQXaNGzMqGhB1O7%2FgwA%2BaDoVUqxu3MRHquidkhJ6YDRY9nl1GQe9tV2hOkzWL17liDx%2FJZEUI0g%2FzX1Kw1VQ66vlUCgceo7qtql205dkdQ51qGlkLNocNIpY%2FfzxyHrxANlf%2BxFhHzk2W%2FNKxqxLGm1Toxk%2FZqV7FZ2Qa3WhQVWbyWjQHWXBotLWjRVuH7al8ADK48MjyfC2zyoaGEvYvO6yCgncWedA%2FSXUUJG9NG2n8a08XdnvFLA5cQ%3D%3D&sign_type=RSA2&timestamp=2017-11-16+14%3A46%3A19&version=1.0&sign=nxrHfDRKDtqAeIfLIBQIQbxeO032IM%2Bupxtxsx1ax6bZSMZB1Z4Tjrrx2zlv5jDTIVFwy5J4HhXShdnIHK%2BXI2mXL1InlQXaNGzMqGhB1O7%2FgwA%2BaDoVUqxu3MRHquidkhJ6YDRY9nl1GQe9tV2hOkzWL17liDx%2FJZEUI0g%2FzX1Kw1VQ66vlUCgceo7qtql205dkdQ51qGlkLNocNIpY%2FfzxyHrxANlf%2BxFhHzk2W%2FNKxqxLGm1Toxk%2FZqV7FZ2Qa3WhQVWbyWjQHWXBotLWjRVuH7al8ADK48MjyfC2zyoaGEvYvO6yCgncWedA%2FSXUUJG9NG2n8a08XdnvFLA5cQ%3D%3D
2017-11-16 14:46:34.882 [http-nio-8080-exec-2] DEBUG com.ywt.jhamster.dal.business.OrdersMapper.insert - ==>  Preparing: insert into orders (id, uid, ref_order_id, subject, goods_type, word_server, character_id, character_name, total_amount, receipt_amount, pay_type, status, remark, create_time) values (?, ?, ?, ?, ?, ?, ?, ?, ?, ?, ?, ?, ?, ?) 
2017-11-16 14:46:34.896 [http-nio-8080-exec-2] DEBUG com.ywt.jhamster.dal.business.OrdersMapper.insert - ==> Parameters: Y0101201711167446659(String), 1(Integer), null, 回忆童年100元(String), 0(Integer), 10(Integer), 123(Integer), sadasd(String), 100(BigDecimal), null, 1(Integer), 0(Integer), null, 2017-11-16 14:46:34.88(Timestamp)
2017-11-16 14:46:34.945 [http-nio-8080-exec-2] DEBUG com.ywt.jhamster.dal.business.OrdersMapper.insert - <==    Updates: 1
2017-11-16 14:46:34.958 [http-nio-8080-exec-2] DEBUG sdk.biz.err - 2017-11-16 14:46:34^_^https://openapi.alipaydev.com/gateway.do?alipay_sdk=alipay-sdk-java-dynamicVersionNo&app_id=2016080700191416&biz_content=%7B%22goods_type%22%3A%220%22%2C%22out_trade_no%22%3A%22Y0101201711167446659%22%2C%22product_code%22%3A%22FAST_INSTANT_TRADE_PAY%22%2C%22subject%22%3A%22%E5%9B%9E%E5%BF%86%E7%AB%A5%E5%B9%B4100%E5%85%83%22%2C%22timeout_express%22%3A%2210m%22%2C%22total_amount%22%3A100%7D&charset=UTF-8&format=json&method=alipay.trade.page.pay&notify_url=http%3A%2F%2F192.168.0.1%3A8080&return_url=http%3A%2F%2F192.168.0.1%3A8080%2Fzfb%2Fnotify%2Frecharge&sign=MJM4ollIC8CdLVBNHTZQIQOkaQiz4cQnNVdp6de1dD5m%2FVt%2BLhk7nPrfpieZH6hTHEU7yZwBQVa%2FbB8RZzTzzYMMpOB43p%2B9lNAhQJaKNx%2FFoCBfFsz2f%2BXnSc%2FdB5ldUYO%2FbW7lZFGP2Rw74XxBEgdpJJp5KcapLWhN4jjbj7xAGplFb3wmn347X0Zq8lJB28S0PXkDYkEkKdTHCi98U7XGoDiX8Xf5Uic8KGsZ3TXDnHxxJp9otCHxJOZaIYzV7iWIDQ6J6h4IcUE%2FNC1cY7oGa%2BpKIxNR4dKPGMkZgLZYgBSqinkvMEBH4w0y%2BtcRb7r67mUMECDWEpcmSvUZSA%3D%3D&sign_type=RSA2&timestamp=2017-11-16+14%3A46%3A34&version=1.0&sign=MJM4ollIC8CdLVBNHTZQIQOkaQiz4cQnNVdp6de1dD5m%2FVt%2BLhk7nPrfpieZH6hTHEU7yZwBQVa%2FbB8RZzTzzYMMpOB43p%2B9lNAhQJaKNx%2FFoCBfFsz2f%2BXnSc%2FdB5ldUYO%2FbW7lZFGP2Rw74XxBEgdpJJp5KcapLWhN4jjbj7xAGplFb3wmn347X0Zq8lJB28S0PXkDYkEkKdTHCi98U7XGoDiX8Xf5Uic8KGsZ3TXDnHxxJp9otCHxJOZaIYzV7iWIDQ6J6h4IcUE%2FNC1cY7oGa%2BpKIxNR4dKPGMkZgLZYgBSqinkvMEBH4w0y%2BtcRb7r67mUMECDWEpcmSvUZSA%3D%3D
2017-11-16 14:46:43.662 [http-nio-8080-exec-3] DEBUG com.ywt.jhamster.dal.business.OrdersMapper.insert - ==>  Preparing: insert into orders (id, uid, ref_order_id, subject, goods_type, word_server, character_id, character_name, total_amount, receipt_amount, pay_type, status, remark, create_time) values (?, ?, ?, ?, ?, ?, ?, ?, ?, ?, ?, ?, ?, ?) 
2017-11-16 14:46:43.671 [http-nio-8080-exec-3] DEBUG com.ywt.jhamster.dal.business.OrdersMapper.insert - ==> Parameters: Y0101201711169155302(String), 1(Integer), null, 回忆童年200元(String), 0(Integer), 10(Integer), 123(Integer), sadasd(String), 200(BigDecimal), null, 1(Integer), 0(Integer), null, 2017-11-16 14:46:43.658(Timestamp)
2017-11-16 14:46:43.695 [http-nio-8080-exec-3] DEBUG com.ywt.jhamster.dal.business.OrdersMapper.insert - <==    Updates: 1
2017-11-16 14:46:43.709 [http-nio-8080-exec-3] DEBUG sdk.biz.err - 2017-11-16 14:46:43^_^https://openapi.alipaydev.com/gateway.do?alipay_sdk=alipay-sdk-java-dynamicVersionNo&app_id=2016080700191416&biz_content=%7B%22goods_type%22%3A%220%22%2C%22out_trade_no%22%3A%22Y0101201711169155302%22%2C%22product_code%22%3A%22FAST_INSTANT_TRADE_PAY%22%2C%22subject%22%3A%22%E5%9B%9E%E5%BF%86%E7%AB%A5%E5%B9%B4200%E5%85%83%22%2C%22timeout_express%22%3A%2210m%22%2C%22total_amount%22%3A200%7D&charset=UTF-8&format=json&method=alipay.trade.page.pay&notify_url=http%3A%2F%2F192.168.0.1%3A8080&return_url=http%3A%2F%2F192.168.0.1%3A8080%2Fzfb%2Fnotify%2Frecharge&sign=wbs%2FOZLMgLCDpwLKr4s4GYrtAltNYr6CDaybajExmFLI7KYOmJKGiFf3Qj%2F6IvSnVyK1ZSLkM2hf91xJCVXukd5h4yJAUJXS%2BWBfoRQtA3C9RUjs3cyI%2FSt%2Ba%2BIiARIK3iLMKEcVdAzx21dPh7iYJnj5wqWU8A44eq1NmBTquxE2Bk6XQa%2Fn9XGEN0HQyJRfnQn7GR3JjUQFizt0D79TfQkjCsvhky1YhDqfO63jGFIHcENKp05TG8tW%2F6OMkdhrSElJDPaWUseHCjDn1RQWvVYlL%2Bez1CWQOpVfkBmXdJiNHttnw%2B2yZ3S1ZDaCb9kJe%2Fmy9xfVTTQWfjnT1gm8OQ%3D%3D&sign_type=RSA2&timestamp=2017-11-16+14%3A46%3A43&version=1.0&sign=wbs%2FOZLMgLCDpwLKr4s4GYrtAltNYr6CDaybajExmFLI7KYOmJKGiFf3Qj%2F6IvSnVyK1ZSLkM2hf91xJCVXukd5h4yJAUJXS%2BWBfoRQtA3C9RUjs3cyI%2FSt%2Ba%2BIiARIK3iLMKEcVdAzx21dPh7iYJnj5wqWU8A44eq1NmBTquxE2Bk6XQa%2Fn9XGEN0HQyJRfnQn7GR3JjUQFizt0D79TfQkjCsvhky1YhDqfO63jGFIHcENKp05TG8tW%2F6OMkdhrSElJDPaWUseHCjDn1RQWvVYlL%2Bez1CWQOpVfkBmXdJiNHttnw%2B2yZ3S1ZDaCb9kJe%2Fmy9xfVTTQWfjnT1gm8OQ%3D%3D
2017-11-16 14:46:55.201 [http-nio-8080-exec-4] DEBUG com.ywt.jhamster.dal.business.OrdersMapper.insert - ==>  Preparing: insert into orders (id, uid, ref_order_id, subject, goods_type, word_server, character_id, character_name, total_amount, receipt_amount, pay_type, status, remark, create_time) values (?, ?, ?, ?, ?, ?, ?, ?, ?, ?, ?, ?, ?, ?) 
2017-11-16 14:46:55.203 [http-nio-8080-exec-4] DEBUG com.ywt.jhamster.dal.business.OrdersMapper.insert - ==> Parameters: Y0101201711163574425(String), 1(Integer), null, 回忆童年300元(String), 0(Integer), 10(Integer), 123(Integer), sadasd(String), 300(BigDecimal), null, 1(Integer), 0(Integer), null, 2017-11-16 14:46:55.199(Timestamp)
2017-11-16 14:46:55.217 [http-nio-8080-exec-4] DEBUG com.ywt.jhamster.dal.business.OrdersMapper.insert - <==    Updates: 1
2017-11-16 14:46:55.234 [http-nio-8080-exec-4] DEBUG sdk.biz.err - 2017-11-16 14:46:55^_^https://openapi.alipaydev.com/gateway.do?alipay_sdk=alipay-sdk-java-dynamicVersionNo&app_id=2016080700191416&biz_content=%7B%22goods_type%22%3A%220%22%2C%22out_trade_no%22%3A%22Y0101201711163574425%22%2C%22product_code%22%3A%22FAST_INSTANT_TRADE_PAY%22%2C%22subject%22%3A%22%E5%9B%9E%E5%BF%86%E7%AB%A5%E5%B9%B4300%E5%85%83%22%2C%22timeout_express%22%3A%2210m%22%2C%22total_amount%22%3A300%7D&charset=UTF-8&format=json&method=alipay.trade.page.pay&notify_url=http%3A%2F%2F192.168.0.1%3A8080&return_url=http%3A%2F%2F192.168.0.1%3A8080%2Fzfb%2Fnotify%2Frecharge&sign=tcRM%2BHd1kJwVOXdnWmhTal9KuKo%2F2laEUpUeqDT6K3RWO3Du0yREyjtGhPnbSMzsEqfbTJTS%2FeDZDF40bbTGb97NHxfBYXUxXzrMdOfJSl2kRxCpdfRQNS8NdHkUfEt8%2B8XlB6pXVmeCUP5%2BDf9s6XfaqwVLhNGHnBx55UeKIQ6H%2B930LoNf3xAfw5b1sIiU1TNll36dcU2CFtnWqjj9bP6nfBvEyZPt745OvRPX0nPvvSnrTN4L6%2B3d%2BGa%2BnUJCapRsI0ZBb0u%2FXzr4XLzisKRQz5kFfzb12z26yg1nGvjm%2F705Sc24aSR9WTjnDty0FUXSMLartSt3v7hWYoua4g%3D%3D&sign_type=RSA2&timestamp=2017-11-16+14%3A46%3A55&version=1.0&sign=tcRM%2BHd1kJwVOXdnWmhTal9KuKo%2F2laEUpUeqDT6K3RWO3Du0yREyjtGhPnbSMzsEqfbTJTS%2FeDZDF40bbTGb97NHxfBYXUxXzrMdOfJSl2kRxCpdfRQNS8NdHkUfEt8%2B8XlB6pXVmeCUP5%2BDf9s6XfaqwVLhNGHnBx55UeKIQ6H%2B930LoNf3xAfw5b1sIiU1TNll36dcU2CFtnWqjj9bP6nfBvEyZPt745OvRPX0nPvvSnrTN4L6%2B3d%2BGa%2BnUJCapRsI0ZBb0u%2FXzr4XLzisKRQz5kFfzb12z26yg1nGvjm%2F705Sc24aSR9WTjnDty0FUXSMLartSt3v7hWYoua4g%3D%3D
2017-11-16 14:47:00.242 [http-nio-8080-exec-5] DEBUG com.ywt.jhamster.dal.business.OrdersMapper.insert - ==>  Preparing: insert into orders (id, uid, ref_order_id, subject, goods_type, word_server, character_id, character_name, total_amount, receipt_amount, pay_type, status, remark, create_time) values (?, ?, ?, ?, ?, ?, ?, ?, ?, ?, ?, ?, ?, ?) 
2017-11-16 14:47:00.244 [http-nio-8080-exec-5] DEBUG com.ywt.jhamster.dal.business.OrdersMapper.insert - ==> Parameters: Y0101201711165984874(String), 1(Integer), null, 回忆童年500元(String), 0(Integer), 10(Integer), 123(Integer), sadasd(String), 500(BigDecimal), null, 1(Integer), 0(Integer), null, 2017-11-16 14:47:00.241(Timestamp)
2017-11-16 14:47:00.257 [http-nio-8080-exec-5] DEBUG com.ywt.jhamster.dal.business.OrdersMapper.insert - <==    Updates: 1
2017-11-16 14:47:00.266 [http-nio-8080-exec-5] DEBUG sdk.biz.err - 2017-11-16 14:47:00^_^https://openapi.alipaydev.com/gateway.do?alipay_sdk=alipay-sdk-java-dynamicVersionNo&app_id=2016080700191416&biz_content=%7B%22goods_type%22%3A%220%22%2C%22out_trade_no%22%3A%22Y0101201711165984874%22%2C%22product_code%22%3A%22FAST_INSTANT_TRADE_PAY%22%2C%22subject%22%3A%22%E5%9B%9E%E5%BF%86%E7%AB%A5%E5%B9%B4500%E5%85%83%22%2C%22timeout_express%22%3A%2210m%22%2C%22total_amount%22%3A500%7D&charset=UTF-8&format=json&method=alipay.trade.page.pay&notify_url=http%3A%2F%2F192.168.0.1%3A8080&return_url=http%3A%2F%2F192.168.0.1%3A8080%2Fzfb%2Fnotify%2Frecharge&sign=Z3ENQAYTi9%2Bw55ZheAUREeeuMIac3MMORAqL1yMiou6VTpTHq7p%2BkQXzwpSwIa1cCozdQB0QmLq9i5IpNEddStWewfQEZ%2FTv91YmEuLDqCc9sZ1pVp6g8B00p7%2Bpx6KJmy%2B59haXnGi%2F4WSUCV6H5Gs8TH5p5BvKDAIzh0WRcN%2Fu7fXKR84YlM%2FxKBujtdLCD5e8Fu%2BjLgyxqpxJ0uk86gZnmNs8KcV%2FSQy9dERw53CMz9mqW7VVX9arWpi4Q3wGgC2FKYROQDXYBPhlDTbgWWMC2IrpsBhmwgcx%2FcbjpMn3KWzZK13YGip97W07nU%2FAkJxi%2B6Hl7tc4lL9h%2BeMH5w%3D%3D&sign_type=RSA2&timestamp=2017-11-16+14%3A47%3A00&version=1.0&sign=Z3ENQAYTi9%2Bw55ZheAUREeeuMIac3MMORAqL1yMiou6VTpTHq7p%2BkQXzwpSwIa1cCozdQB0QmLq9i5IpNEddStWewfQEZ%2FTv91YmEuLDqCc9sZ1pVp6g8B00p7%2Bpx6KJmy%2B59haXnGi%2F4WSUCV6H5Gs8TH5p5BvKDAIzh0WRcN%2Fu7fXKR84YlM%2FxKBujtdLCD5e8Fu%2BjLgyxqpxJ0uk86gZnmNs8KcV%2FSQy9dERw53CMz9mqW7VVX9arWpi4Q3wGgC2FKYROQDXYBPhlDTbgWWMC2IrpsBhmwgcx%2FcbjpMn3KWzZK13YGip97W07nU%2FAkJxi%2B6Hl7tc4lL9h%2BeMH5w%3D%3D
2017-11-16 14:47:04.736 [http-nio-8080-exec-6] DEBUG com.ywt.jhamster.dal.business.OrdersMapper.insert - ==>  Preparing: insert into orders (id, uid, ref_order_id, subject, goods_type, word_server, character_id, character_name, total_amount, receipt_amount, pay_type, status, remark, create_time) values (?, ?, ?, ?, ?, ?, ?, ?, ?, ?, ?, ?, ?, ?) 
2017-11-16 14:47:04.738 [http-nio-8080-exec-6] DEBUG com.ywt.jhamster.dal.business.OrdersMapper.insert - ==> Parameters: Y0101201711160473279(String), 1(Integer), null, 回忆童年800元(String), 0(Integer), 10(Integer), 123(Integer), sadasd(String), 800(BigDecimal), null, 1(Integer), 0(Integer), null, 2017-11-16 14:47:04.736(Timestamp)
2017-11-16 14:47:04.750 [http-nio-8080-exec-6] DEBUG com.ywt.jhamster.dal.business.OrdersMapper.insert - <==    Updates: 1
2017-11-16 14:47:04.770 [http-nio-8080-exec-6] DEBUG sdk.biz.err - 2017-11-16 14:47:04^_^https://openapi.alipaydev.com/gateway.do?alipay_sdk=alipay-sdk-java-dynamicVersionNo&app_id=2016080700191416&biz_content=%7B%22goods_type%22%3A%220%22%2C%22out_trade_no%22%3A%22Y0101201711160473279%22%2C%22product_code%22%3A%22FAST_INSTANT_TRADE_PAY%22%2C%22subject%22%3A%22%E5%9B%9E%E5%BF%86%E7%AB%A5%E5%B9%B4800%E5%85%83%22%2C%22timeout_express%22%3A%2210m%22%2C%22total_amount%22%3A800%7D&charset=UTF-8&format=json&method=alipay.trade.page.pay&notify_url=http%3A%2F%2F192.168.0.1%3A8080&return_url=http%3A%2F%2F192.168.0.1%3A8080%2Fzfb%2Fnotify%2Frecharge&sign=TNMmTLRbyHAJ9EmgCFMz8UjAql1c9lVzouzwzhaS8xNVpevxoTOFDGJclGSP4jpG7Pr2Zl1gjV%2B%2Btnx7R0z6cU05kEm%2BaDVRtP5FfVKR6UIH7KFaLRsbgrb0BiqFERZ963E45dlAVMYqkPwOX%2F42YR2vlnINRwZzhcvsCPPUn1GqoBwXPSyZ7p0SfRMLWOwDyzxEQ4JkRDe2aMPGyprEAWvy7hL5US3FOwAtTUyc2ThWj5gHacyjW%2Bas7Khikr0PYnb%2F7o%2FnS9R5hkOst1MBSr%2Fzi5ZDNT9CXWvN6shi0WnnVX66XNIEJTc6MgGyZVi75PGaQPUtzuz7hpwhs8iHPw%3D%3D&sign_type=RSA2&timestamp=2017-11-16+14%3A47%3A04&version=1.0&sign=TNMmTLRbyHAJ9EmgCFMz8UjAql1c9lVzouzwzhaS8xNVpevxoTOFDGJclGSP4jpG7Pr2Zl1gjV%2B%2Btnx7R0z6cU05kEm%2BaDVRtP5FfVKR6UIH7KFaLRsbgrb0BiqFERZ963E45dlAVMYqkPwOX%2F42YR2vlnINRwZzhcvsCPPUn1GqoBwXPSyZ7p0SfRMLWOwDyzxEQ4JkRDe2aMPGyprEAWvy7hL5US3FOwAtTUyc2ThWj5gHacyjW%2Bas7Khikr0PYnb%2F7o%2FnS9R5hkOst1MBSr%2Fzi5ZDNT9CXWvN6shi0WnnVX66XNIEJTc6MgGyZVi75PGaQPUtzuz7hpwhs8iHPw%3D%3D
2017-11-16 14:47:09.081 [http-nio-8080-exec-7] DEBUG com.ywt.jhamster.dal.business.OrdersMapper.insert - ==>  Preparing: insert into orders (id, uid, ref_order_id, subject, goods_type, word_server, character_id, character_name, total_amount, receipt_amount, pay_type, status, remark, create_time) values (?, ?, ?, ?, ?, ?, ?, ?, ?, ?, ?, ?, ?, ?) 
2017-11-16 14:47:09.082 [http-nio-8080-exec-7] DEBUG com.ywt.jhamster.dal.business.OrdersMapper.insert - ==> Parameters: Y0101201711164418476(String), 1(Integer), null, 回忆童年1000元(String), 0(Integer), 10(Integer), 123(Integer), sadasd(String), 1000(BigDecimal), null, 1(Integer), 0(Integer), null, 2017-11-16 14:47:09.079(Timestamp)
2017-11-16 14:47:09.095 [http-nio-8080-exec-7] DEBUG com.ywt.jhamster.dal.business.OrdersMapper.insert - <==    Updates: 1
2017-11-16 14:47:09.117 [http-nio-8080-exec-7] DEBUG sdk.biz.err - 2017-11-16 14:47:09^_^https://openapi.alipaydev.com/gateway.do?alipay_sdk=alipay-sdk-java-dynamicVersionNo&app_id=2016080700191416&biz_content=%7B%22goods_type%22%3A%220%22%2C%22out_trade_no%22%3A%22Y0101201711164418476%22%2C%22product_code%22%3A%22FAST_INSTANT_TRADE_PAY%22%2C%22subject%22%3A%22%E5%9B%9E%E5%BF%86%E7%AB%A5%E5%B9%B41000%E5%85%83%22%2C%22timeout_express%22%3A%2210m%22%2C%22total_amount%22%3A1000%7D&charset=UTF-8&format=json&method=alipay.trade.page.pay&notify_url=http%3A%2F%2F192.168.0.1%3A8080&return_url=http%3A%2F%2F192.168.0.1%3A8080%2Fzfb%2Fnotify%2Frecharge&sign=TXp9WbxolNj35CAoxHwWO1EtxOJ4aiUbd%2B1d3Gp%2FX5MBN9de%2FHTU2ddbASCrIw17biiY5FQIUi84eGYq6w%2FIbCsqMxYe58OVBX3rUhgJT2uuNIQKHCyweHqrYRDDgg5gwCSJiNmwFRUubXDC%2FOOGRtQTndIWbAurtfw1QDFdC6cm24L%2BdRcQ5qnLrLk9dpSq15nj6J3dcACPiYySLuGcXpPx%2BLtrWG6hr65MHd9dHFxvvL%2Fxs6pr6E3bZwZRgQ%2F9NZ2fwDgvRBrZ9FnYtdRUMrvXr50nNHABuy37GzE1%2BcD8JnfklDJBUExlYFR8gHPppIIGe912OOM20NBP4OiX5Q%3D%3D&sign_type=RSA2&timestamp=2017-11-16+14%3A47%3A09&version=1.0&sign=TXp9WbxolNj35CAoxHwWO1EtxOJ4aiUbd%2B1d3Gp%2FX5MBN9de%2FHTU2ddbASCrIw17biiY5FQIUi84eGYq6w%2FIbCsqMxYe58OVBX3rUhgJT2uuNIQKHCyweHqrYRDDgg5gwCSJiNmwFRUubXDC%2FOOGRtQTndIWbAurtfw1QDFdC6cm24L%2BdRcQ5qnLrLk9dpSq15nj6J3dcACPiYySLuGcXpPx%2BLtrWG6hr65MHd9dHFxvvL%2Fxs6pr6E3bZwZRgQ%2F9NZ2fwDgvRBrZ9FnYtdRUMrvXr50nNHABuy37GzE1%2BcD8JnfklDJBUExlYFR8gHPppIIGe912OOM20NBP4OiX5Q%3D%3D
2017-11-16 14:47:25.367 [Thread-4] DEBUG com.ywt.jhamster.common.utils.SpringContextHolder - 清除SpringContextHolder中的ApplicationContext:org.springframework.boot.context.embedded.AnnotationConfigEmbeddedWebApplicationContext@6432d4a8: startup date [Thu Nov 16 14:45:14 CST 2017]; root of context hierarchy
2017-11-16 14:47:25.370 [Thread-4] DEBUG com.alibaba.druid.pool.PreparedStatementPool - {conn-10001, pstmt-20000} exit cache
2017-11-16 14:47:25.371 [Thread-4] DEBUG com.alibaba.druid.pool.PreparedStatementPool - {conn-10001, pstmt-20001} exit cache
2017-11-16 17:34:18.040 [main] DEBUG com.ywt.jhamster.web.Start - Running with Spring Boot v1.4.2.RELEASE, Spring v4.3.4.RELEASE
2017-11-16 17:34:23.584 [main] DEBUG com.ywt.jhamster.common.utils.SpringContextHolder - 注入ApplicationContext到SpringContextHolder:org.springframework.boot.context.embedded.AnnotationConfigEmbeddedWebApplicationContext@4c60659b: startup date [Thu Nov 16 17:34:18 CST 2017]; root of context hierarchy
2017-11-16 17:34:43.723 [main] DEBUG io.netty.util.internal.logging.InternalLoggerFactory - Using SLF4J as the default logging framework
2017-11-16 17:34:43.729 [main] DEBUG io.netty.channel.MultithreadEventLoopGroup - -Dio.netty.eventLoopThreads: 8
2017-11-16 17:34:43.739 [main] DEBUG io.netty.util.internal.PlatformDependent0 - java.nio.Buffer.address: available
2017-11-16 17:34:43.739 [main] DEBUG io.netty.util.internal.PlatformDependent0 - sun.misc.Unsafe.theUnsafe: available
2017-11-16 17:34:43.739 [main] DEBUG io.netty.util.internal.PlatformDependent0 - sun.misc.Unsafe.copyMemory: available
2017-11-16 17:34:43.740 [main] DEBUG io.netty.util.internal.PlatformDependent0 - java.nio.Bits.unaligned: true
2017-11-16 17:34:43.741 [main] DEBUG io.netty.util.internal.PlatformDependent - Java version: 7
2017-11-16 17:34:43.741 [main] DEBUG io.netty.util.internal.PlatformDependent - -Dio.netty.noUnsafe: false
2017-11-16 17:34:43.741 [main] DEBUG io.netty.util.internal.PlatformDependent - sun.misc.Unsafe: available
2017-11-16 17:34:43.741 [main] DEBUG io.netty.util.internal.PlatformDependent - -Dio.netty.noJavassist: false
2017-11-16 17:34:43.742 [main] DEBUG io.netty.util.internal.PlatformDependent - Javassist: unavailable
2017-11-16 17:34:43.742 [main] DEBUG io.netty.util.internal.PlatformDependent - You don't have Javassist in your class path or you don't have enough permission to load dynamically generated classes.  Please check the configuration for better performance.
2017-11-16 17:34:43.742 [main] DEBUG io.netty.util.internal.PlatformDependent - -Dio.netty.tmpdir: /var/folders/85/vd_f2kmj7s59_gb06nfkh0_80000gn/T (java.io.tmpdir)
2017-11-16 17:34:43.743 [main] DEBUG io.netty.util.internal.PlatformDependent - -Dio.netty.bitMode: 64 (sun.arch.data.model)
2017-11-16 17:34:43.743 [main] DEBUG io.netty.util.internal.PlatformDependent - -Dio.netty.noPreferDirect: false
2017-11-16 17:34:43.770 [main] DEBUG io.netty.channel.nio.NioEventLoop - -Dio.netty.noKeySetOptimization: false
2017-11-16 17:34:43.770 [main] DEBUG io.netty.channel.nio.NioEventLoop - -Dio.netty.selectorAutoRebuildThreshold: 512
2017-11-16 17:34:43.850 [MQClientFactoryScheduledThread] DEBUG io.netty.util.internal.ThreadLocalRandom - -Dio.netty.initialSeedUniquifier: 0xb4808bec370154bd (took 2 ms)
2017-11-16 17:34:43.934 [MQClientFactoryScheduledThread] DEBUG io.netty.buffer.ByteBufUtil - -Dio.netty.allocator.type: unpooled
2017-11-16 17:34:43.934 [MQClientFactoryScheduledThread] DEBUG io.netty.buffer.ByteBufUtil - -Dio.netty.threadLocalDirectBufferSize: 65536
2017-11-16 17:34:43.934 [MQClientFactoryScheduledThread] DEBUG io.netty.buffer.ByteBufUtil - -Dio.netty.maxThreadLocalCharBufferSize: 16384
2017-11-16 17:34:43.993 [MQClientFactoryScheduledThread] DEBUG io.netty.util.Recycler - -Dio.netty.recycler.maxCapacity.default: 262144
2017-11-16 17:34:44.009 [NettyClientWorkerThread_1] DEBUG io.netty.buffer.AbstractByteBuf - -Dio.netty.buffer.bytebuf.checkAccessible: true
2017-11-16 17:34:44.012 [NettyClientWorkerThread_1] DEBUG io.netty.util.ResourceLeakDetector - -Dio.netty.leakDetection.level: simple
2017-11-16 17:34:44.012 [NettyClientWorkerThread_1] DEBUG io.netty.util.ResourceLeakDetector - -Dio.netty.leakDetection.maxRecords: 4
2017-11-16 17:34:44.199 [NettyClientSelector_1] DEBUG io.netty.util.internal.Cleaner0 - java.nio.ByteBuffer.cleaner(): available
2017-11-16 17:34:46.023 [main] DEBUG com.ywt.jhamster.dal.system.SystemConfigMapperExt.queryAllConfigs - ==>  Preparing: select * from system_config; 
2017-11-16 17:34:46.070 [main] DEBUG com.ywt.jhamster.dal.system.SystemConfigMapperExt.queryAllConfigs - ==> Parameters: 
2017-11-16 17:34:46.127 [main] DEBUG com.ywt.jhamster.dal.system.SystemConfigMapperExt.queryAllConfigs - <==      Total: 14
2017-11-16 17:34:46.128 [main] DEBUG com.alibaba.druid.pool.PreparedStatementPool - {conn-10001, pstmt-20000} enter cache
2017-11-16 17:35:54.225 [http-nio-8080-exec-1] DEBUG com.ywt.jhamster.dal.business.OrdersMapper.insert - ==>  Preparing: insert into orders (id, uid, ref_order_id, subject, goods_type, word_server, character_id, character_name, total_amount, receipt_amount, pay_type, status, remark, create_time) values (?, ?, ?, ?, ?, ?, ?, ?, ?, ?, ?, ?, ?, ?) 
2017-11-16 17:35:54.317 [http-nio-8080-exec-1] DEBUG com.ywt.jhamster.dal.business.OrdersMapper.insert - ==> Parameters: Y0101201711163369968(String), 1(Integer), null, 回忆童年1000元(String), 0(Integer), 10(Integer), 1(Integer), 邹飞(String), 1000(BigDecimal), null, 1(Integer), 0(Integer), null, 2017-11-16 17:35:54.18(Timestamp)
2017-11-16 17:35:54.359 [http-nio-8080-exec-1] DEBUG com.ywt.jhamster.dal.business.OrdersMapper.insert - <==    Updates: 1
2017-11-16 17:35:54.362 [http-nio-8080-exec-1] DEBUG com.alibaba.druid.pool.PreparedStatementPool - {conn-10001, pstmt-20001} enter cache
2017-11-16 17:35:55.649 [http-nio-8080-exec-1] DEBUG sdk.biz.err - 2017-11-16 17:35:55^_^https://openapi.alipaydev.com/gateway.do?alipay_sdk=alipay-sdk-java-dynamicVersionNo&app_id=2016080700191416&biz_content=%7B%22goods_type%22%3A%220%22%2C%22out_trade_no%22%3A%22Y0101201711163369968%22%2C%22product_code%22%3A%22FAST_INSTANT_TRADE_PAY%22%2C%22subject%22%3A%22%E5%9B%9E%E5%BF%86%E7%AB%A5%E5%B9%B41000%E5%85%83%22%2C%22timeout_express%22%3A%2210m%22%2C%22total_amount%22%3A1000%7D&charset=UTF-8&format=json&method=alipay.trade.page.pay&notify_url=http%3A%2F%2F192.168.0.1%3A8080&return_url=http%3A%2F%2F192.168.0.1%3A8080%2Fzfb%2Fnotify%2Frecharge&sign=PZqhYUb5vfAS6UJAC9%2Fy%2FQ8483xdWen4SuQWCR2GaU1Y3Mn7BjrSNMZHsUTvF2EZYHDJIrivRWnB57BLJPX3RNKN97OstlGfN28xqc92g8ewSiR6zCUdANa4naAJnZvx2hZWzVEafCXZIQLW0ebvnJGtRf%2Bfzil%2FZju9xVNnWwZsQJMl5iGf1biXVw%2BptcXjw6RaWVVx76rRs%2FV034W9xg0fma42o0kiKeMVm6jpLb9gWWcBUyhUeeh1erw%2FwZSPxlCNE2ai8R4XzBczuVxopM8TfD0%2FriTgSTlewnC8t%2BFtfLsnKIJFv1DlxPuw7S2wP1NDbpWggdIeiFA0EoeXjQ%3D%3D&sign_type=RSA2&timestamp=2017-11-16+17%3A35%3A54&version=1.0&sign=PZqhYUb5vfAS6UJAC9%2Fy%2FQ8483xdWen4SuQWCR2GaU1Y3Mn7BjrSNMZHsUTvF2EZYHDJIrivRWnB57BLJPX3RNKN97OstlGfN28xqc92g8ewSiR6zCUdANa4naAJnZvx2hZWzVEafCXZIQLW0ebvnJGtRf%2Bfzil%2FZju9xVNnWwZsQJMl5iGf1biXVw%2BptcXjw6RaWVVx76rRs%2FV034W9xg0fma42o0kiKeMVm6jpLb9gWWcBUyhUeeh1erw%2FwZSPxlCNE2ai8R4XzBczuVxopM8TfD0%2FriTgSTlewnC8t%2BFtfLsnKIJFv1DlxPuw7S2wP1NDbpWggdIeiFA0EoeXjQ%3D%3D
2017-11-16 17:37:46.070 [Thread-4] DEBUG com.ywt.jhamster.common.utils.SpringContextHolder - 清除SpringContextHolder中的ApplicationContext:org.springframework.boot.context.embedded.AnnotationConfigEmbeddedWebApplicationContext@4c60659b: startup date [Thu Nov 16 17:34:18 CST 2017]; root of context hierarchy
2017-11-16 17:37:46.074 [Thread-4] DEBUG com.alibaba.druid.pool.PreparedStatementPool - {conn-10001, pstmt-20000} exit cache
2017-11-16 17:37:46.074 [Thread-4] DEBUG com.alibaba.druid.pool.PreparedStatementPool - {conn-10001, pstmt-20001} exit cache
