2017-11-20 22:41:38.950 [background-preinit] INFO  org.hibernate.validator.internal.util.Version - HV000001: Hibernate Validator 5.2.4.Final
2017-11-20 22:41:43.461 [main] INFO  com.ywt.jhamster.web.Start - Starting Start on yuwentaodeMacBook-Pro.local with PID 48916 (/Users/yuwentao/myProject/github/JHamster/JHamster-webapp/target/classes started by yuwentao in /Users/yuwentao/myProject/github/JHamster/JHamster-webapp)
2017-11-20 22:41:43.462 [main] INFO  com.ywt.jhamster.web.Start - No active profile set, falling back to default profiles: default
2017-11-20 22:41:43.565 [main] INFO  o.springframework.boot.context.embedded.AnnotationConfigEmbeddedWebApplicationContext - Refreshing org.springframework.boot.context.embedded.AnnotationConfigEmbeddedWebApplicationContext@1f0a1d59: startup date [Mon Nov 20 22:41:43 CST 2017]; root of context hierarchy
2017-11-20 22:41:45.162 [main] INFO  org.springframework.beans.factory.xml.XmlBeanDefinitionReader - Loading XML bean definitions from class path resource [component/rocketmq-config.xml]
2017-11-20 22:41:46.184 [main] INFO  o.s.context.support.PostProcessorRegistrationDelegate$BeanPostProcessorChecker - Bean 'dbConfig' of type [class com.ywt.jhamster.web.configs.DbConfig$$EnhancerBySpringCGLIB$$3ac07475] is not eligible for getting processed by all BeanPostProcessors (for example: not eligible for auto-proxying)
2017-11-20 22:41:47.357 [main] INFO  o.s.context.support.PostProcessorRegistrationDelegate$BeanPostProcessorChecker - Bean 'dataSource' of type [class com.alibaba.druid.pool.DruidDataSource] is not eligible for getting processed by all BeanPostProcessors (for example: not eligible for auto-proxying)
2017-11-20 22:41:47.956 [main] INFO  o.s.context.support.PostProcessorRegistrationDelegate$BeanPostProcessorChecker - Bean 'sqlSessionFactoryBean' of type [class org.mybatis.spring.SqlSessionFactoryBean] is not eligible for getting processed by all BeanPostProcessors (for example: not eligible for auto-proxying)
2017-11-20 22:41:47.957 [main] INFO  o.s.context.support.PostProcessorRegistrationDelegate$BeanPostProcessorChecker - Bean 'sqlSessionFactoryBean' of type [class org.apache.ibatis.session.defaults.DefaultSqlSessionFactory] is not eligible for getting processed by all BeanPostProcessors (for example: not eligible for auto-proxying)
2017-11-20 22:41:47.967 [main] INFO  o.s.context.support.PostProcessorRegistrationDelegate$BeanPostProcessorChecker - Bean 'systemConfigMapperExt' of type [class org.mybatis.spring.mapper.MapperFactoryBean] is not eligible for getting processed by all BeanPostProcessors (for example: not eligible for auto-proxying)
2017-11-20 22:41:47.969 [main] INFO  o.s.context.support.PostProcessorRegistrationDelegate$BeanPostProcessorChecker - Bean 'systemConfigMapper' of type [class org.mybatis.spring.mapper.MapperFactoryBean] is not eligible for getting processed by all BeanPostProcessors (for example: not eligible for auto-proxying)
2017-11-20 22:41:47.972 [main] INFO  o.s.context.support.PostProcessorRegistrationDelegate$BeanPostProcessorChecker - Bean 'ruleMapperExt' of type [class org.mybatis.spring.mapper.MapperFactoryBean] is not eligible for getting processed by all BeanPostProcessors (for example: not eligible for auto-proxying)
2017-11-20 22:41:47.976 [main] INFO  o.s.context.support.PostProcessorRegistrationDelegate$BeanPostProcessorChecker - Bean 'ruleMapper' of type [class org.mybatis.spring.mapper.MapperFactoryBean] is not eligible for getting processed by all BeanPostProcessors (for example: not eligible for auto-proxying)
2017-11-20 22:41:47.978 [main] INFO  o.s.context.support.PostProcessorRegistrationDelegate$BeanPostProcessorChecker - Bean 'ordersMapperExt' of type [class org.mybatis.spring.mapper.MapperFactoryBean] is not eligible for getting processed by all BeanPostProcessors (for example: not eligible for auto-proxying)
2017-11-20 22:41:47.981 [main] INFO  o.s.context.support.PostProcessorRegistrationDelegate$BeanPostProcessorChecker - Bean 'ordersMapper' of type [class org.mybatis.spring.mapper.MapperFactoryBean] is not eligible for getting processed by all BeanPostProcessors (for example: not eligible for auto-proxying)
2017-11-20 22:41:48.045 [main] INFO  o.s.context.support.PostProcessorRegistrationDelegate$BeanPostProcessorChecker - Bean 'org.springframework.transaction.annotation.ProxyTransactionManagementConfiguration' of type [class org.springframework.transaction.annotation.ProxyTransactionManagementConfiguration$$EnhancerBySpringCGLIB$$2cd45ae8] is not eligible for getting processed by all BeanPostProcessors (for example: not eligible for auto-proxying)
2017-11-20 22:41:48.617 [main] INFO  org.springframework.boot.context.embedded.tomcat.TomcatEmbeddedServletContainer - Tomcat initialized with port(s): 8080 (http)
2017-11-20 22:41:48.648 [main] INFO  org.apache.catalina.core.StandardService - Starting service Tomcat
2017-11-20 22:41:48.650 [main] INFO  org.apache.catalina.core.StandardEngine - Starting Servlet Engine: Apache Tomcat/8.5.6
2017-11-20 22:41:48.860 [localhost-startStop-1] INFO  org.apache.catalina.core.ContainerBase.[Tomcat].[localhost].[/] - Initializing Spring embedded WebApplicationContext
2017-11-20 22:41:48.860 [localhost-startStop-1] INFO  org.springframework.web.context.ContextLoader - Root WebApplicationContext: initialization completed in 5295 ms
2017-11-20 22:41:49.329 [localhost-startStop-1] INFO  org.springframework.boot.web.servlet.ServletRegistrationBean - Mapping servlet: 'dispatcherServlet' to [/]
2017-11-20 22:41:49.337 [localhost-startStop-1] INFO  org.springframework.boot.web.servlet.FilterRegistrationBean - Mapping filter: 'characterEncodingFilter' to: [/*]
2017-11-20 22:41:49.338 [localhost-startStop-1] INFO  org.springframework.boot.web.servlet.FilterRegistrationBean - Mapping filter: 'hiddenHttpMethodFilter' to: [/*]
2017-11-20 22:41:49.338 [localhost-startStop-1] INFO  org.springframework.boot.web.servlet.FilterRegistrationBean - Mapping filter: 'httpPutFormContentFilter' to: [/*]
2017-11-20 22:41:49.338 [localhost-startStop-1] INFO  org.springframework.boot.web.servlet.FilterRegistrationBean - Mapping filter: 'requestContextFilter' to: [/*]
2017-11-20 22:41:49.338 [localhost-startStop-1] INFO  org.springframework.boot.web.servlet.FilterRegistrationBean - Mapping filter: 'crossFilter' to urls: [/*]
2017-11-20 22:42:10.587 [main] INFO  org.springframework.web.servlet.mvc.method.annotation.RequestMappingHandlerAdapter - Looking for @ControllerAdvice: org.springframework.boot.context.embedded.AnnotationConfigEmbeddedWebApplicationContext@1f0a1d59: startup date [Mon Nov 20 22:41:43 CST 2017]; root of context hierarchy
2017-11-20 22:42:10.777 [main] INFO  org.springframework.web.servlet.mvc.method.annotation.RequestMappingHandlerMapping - Mapped "{[/zfb/notify/recharge]}" onto public void com.ywt.jhamster.web.controller.notify.ZfbNotifyController.rechargeNotify(javax.servlet.http.HttpServletRequest)
2017-11-20 22:42:10.782 [main] INFO  org.springframework.web.servlet.mvc.method.annotation.RequestMappingHandlerMapping - Mapped "{[/payment/hello]}" onto public void com.ywt.jhamster.web.controller.payment.PaymentController.index(com.ywt.jhamster.entity.params.GameRechargeParams)
2017-11-20 22:42:10.783 [main] INFO  org.springframework.web.servlet.mvc.method.annotation.RequestMappingHandlerMapping - Mapped "{[/payment/gameRecharge]}" onto public com.ywt.jhamster.common.constant.Result<java.lang.String> com.ywt.jhamster.web.controller.payment.PaymentController.gameRecharge(com.ywt.jhamster.entity.params.GameRechargeParams)
2017-11-20 22:42:10.784 [main] INFO  org.springframework.web.servlet.mvc.method.annotation.RequestMappingHandlerMapping - Mapped "{[/payment/hello1]}" onto public void com.ywt.jhamster.web.controller.payment.PaymentController.index1(com.ywt.jhamster.entity.params.GameRechargeParams)
2017-11-20 22:42:10.785 [main] INFO  org.springframework.web.servlet.mvc.method.annotation.RequestMappingHandlerMapping - Mapped "{[/payment/hello2]}" onto public com.ywt.jhamster.common.constant.Result<java.lang.String> com.ywt.jhamster.web.controller.payment.PaymentController.index2()
2017-11-20 22:42:10.866 [main] INFO  org.springframework.web.servlet.handler.SimpleUrlHandlerMapping - Mapped URL path [/webjars/**] onto handler of type [class org.springframework.web.servlet.resource.ResourceHttpRequestHandler]
2017-11-20 22:42:10.866 [main] INFO  org.springframework.web.servlet.handler.SimpleUrlHandlerMapping - Mapped URL path [/**] onto handler of type [class org.springframework.web.servlet.resource.ResourceHttpRequestHandler]
2017-11-20 22:42:10.912 [main] INFO  o.springframework.web.servlet.mvc.method.annotation.ExceptionHandlerExceptionResolver - Detected @ExceptionHandler methods in bussinessExceptionHandle
2017-11-20 22:42:10.979 [main] INFO  org.springframework.web.servlet.handler.SimpleUrlHandlerMapping - Mapped URL path [/**/favicon.ico] onto handler of type [class org.springframework.web.servlet.resource.ResourceHttpRequestHandler]
2017-11-20 22:42:11.750 [main] INFO  org.springframework.jmx.export.annotation.AnnotationMBeanExporter - Registering beans for JMX exposure on startup
2017-11-20 22:42:11.751 [main] INFO  org.springframework.jmx.export.annotation.AnnotationMBeanExporter - Bean with name 'dataSource' has been autodetected for JMX exposure
2017-11-20 22:42:11.758 [main] INFO  org.springframework.jmx.export.annotation.AnnotationMBeanExporter - Located MBean 'dataSource': registering with JMX server as MBean [com.alibaba.druid.pool:name=dataSource,type=DruidDataSource]
2017-11-20 22:42:12.296 [main] INFO  com.alibaba.druid.pool.DruidDataSource - {dataSource-1} inited
2017-11-20 22:42:12.485 [main] INFO  org.apache.coyote.http11.Http11NioProtocol - Initializing ProtocolHandler ["http-nio-8080"]
2017-11-20 22:42:12.518 [main] INFO  org.apache.coyote.http11.Http11NioProtocol - Starting ProtocolHandler [http-nio-8080]
2017-11-20 22:42:12.524 [main] INFO  org.apache.tomcat.util.net.NioSelectorPool - Using a shared selector for servlet write/read
2017-11-20 22:42:12.559 [main] INFO  org.springframework.boot.context.embedded.tomcat.TomcatEmbeddedServletContainer - Tomcat started on port(s): 8080 (http)
2017-11-20 22:42:12.571 [main] INFO  com.ywt.jhamster.web.Start - Started Start in 50.063 seconds (JVM running for 56.196)
