2017-11-16 14:37:39.180 [background-preinit] INFO  org.hibernate.validator.internal.util.Version - HV000001: Hibernate Validator 5.2.4.Final
2017-11-16 14:37:43.818 [main] INFO  com.ywt.jhamster.web.Start - Starting Start on yuwentaodeMacBook-Pro.local with PID 58815 (/Users/yuwentao/myProject/github/JHamster/JHamster-webapp/target/classes started by yuwentao in /Users/yuwentao/myProject/github/JHamster/JHamster-webapp)
2017-11-16 14:37:43.819 [main] INFO  com.ywt.jhamster.web.Start - No active profile set, falling back to default profiles: default
2017-11-16 14:37:43.934 [main] INFO  o.springframework.boot.context.embedded.AnnotationConfigEmbeddedWebApplicationContext - Refreshing org.springframework.boot.context.embedded.AnnotationConfigEmbeddedWebApplicationContext@4dcb3539: startup date [Thu Nov 16 14:37:43 CST 2017]; root of context hierarchy
2017-11-16 14:37:45.410 [main] INFO  org.springframework.beans.factory.xml.XmlBeanDefinitionReader - Loading XML bean definitions from class path resource [component/rocketmq-config.xml]
2017-11-16 14:37:46.493 [main] INFO  o.s.context.support.PostProcessorRegistrationDelegate$BeanPostProcessorChecker - Bean 'dbConfig' of type [class com.ywt.jhamster.web.configs.DbConfig$$EnhancerBySpringCGLIB$$e03e4f26] is not eligible for getting processed by all BeanPostProcessors (for example: not eligible for auto-proxying)
2017-11-16 14:37:47.360 [main] INFO  o.s.context.support.PostProcessorRegistrationDelegate$BeanPostProcessorChecker - Bean 'dataSource' of type [class com.alibaba.druid.pool.DruidDataSource] is not eligible for getting processed by all BeanPostProcessors (for example: not eligible for auto-proxying)
2017-11-16 14:37:47.970 [main] INFO  o.s.context.support.PostProcessorRegistrationDelegate$BeanPostProcessorChecker - Bean 'sqlSessionFactoryBean' of type [class org.mybatis.spring.SqlSessionFactoryBean] is not eligible for getting processed by all BeanPostProcessors (for example: not eligible for auto-proxying)
2017-11-16 14:37:47.970 [main] INFO  o.s.context.support.PostProcessorRegistrationDelegate$BeanPostProcessorChecker - Bean 'sqlSessionFactoryBean' of type [class org.apache.ibatis.session.defaults.DefaultSqlSessionFactory] is not eligible for getting processed by all BeanPostProcessors (for example: not eligible for auto-proxying)
2017-11-16 14:37:47.981 [main] INFO  o.s.context.support.PostProcessorRegistrationDelegate$BeanPostProcessorChecker - Bean 'systemConfigMapperExt' of type [class org.mybatis.spring.mapper.MapperFactoryBean] is not eligible for getting processed by all BeanPostProcessors (for example: not eligible for auto-proxying)
2017-11-16 14:37:47.983 [main] INFO  o.s.context.support.PostProcessorRegistrationDelegate$BeanPostProcessorChecker - Bean 'systemConfigMapper' of type [class org.mybatis.spring.mapper.MapperFactoryBean] is not eligible for getting processed by all BeanPostProcessors (for example: not eligible for auto-proxying)
2017-11-16 14:37:47.986 [main] INFO  o.s.context.support.PostProcessorRegistrationDelegate$BeanPostProcessorChecker - Bean 'ruleMapperExt' of type [class org.mybatis.spring.mapper.MapperFactoryBean] is not eligible for getting processed by all BeanPostProcessors (for example: not eligible for auto-proxying)
2017-11-16 14:37:47.989 [main] INFO  o.s.context.support.PostProcessorRegistrationDelegate$BeanPostProcessorChecker - Bean 'ruleMapper' of type [class org.mybatis.spring.mapper.MapperFactoryBean] is not eligible for getting processed by all BeanPostProcessors (for example: not eligible for auto-proxying)
2017-11-16 14:37:47.991 [main] INFO  o.s.context.support.PostProcessorRegistrationDelegate$BeanPostProcessorChecker - Bean 'ordersMapperExt' of type [class org.mybatis.spring.mapper.MapperFactoryBean] is not eligible for getting processed by all BeanPostProcessors (for example: not eligible for auto-proxying)
2017-11-16 14:37:47.993 [main] INFO  o.s.context.support.PostProcessorRegistrationDelegate$BeanPostProcessorChecker - Bean 'ordersMapper' of type [class org.mybatis.spring.mapper.MapperFactoryBean] is not eligible for getting processed by all BeanPostProcessors (for example: not eligible for auto-proxying)
2017-11-16 14:37:48.083 [main] INFO  o.s.context.support.PostProcessorRegistrationDelegate$BeanPostProcessorChecker - Bean 'org.springframework.transaction.annotation.ProxyTransactionManagementConfiguration' of type [class org.springframework.transaction.annotation.ProxyTransactionManagementConfiguration$$EnhancerBySpringCGLIB$$d2523599] is not eligible for getting processed by all BeanPostProcessors (for example: not eligible for auto-proxying)
2017-11-16 14:37:48.708 [main] INFO  org.springframework.boot.context.embedded.tomcat.TomcatEmbeddedServletContainer - Tomcat initialized with port(s): 8080 (http)
2017-11-16 14:37:48.730 [main] INFO  org.apache.catalina.core.StandardService - Starting service Tomcat
2017-11-16 14:37:48.732 [main] INFO  org.apache.catalina.core.StandardEngine - Starting Servlet Engine: Apache Tomcat/8.5.6
2017-11-16 14:37:48.937 [localhost-startStop-1] INFO  org.apache.catalina.core.ContainerBase.[Tomcat].[localhost].[/] - Initializing Spring embedded WebApplicationContext
2017-11-16 14:37:48.937 [localhost-startStop-1] INFO  org.springframework.web.context.ContextLoader - Root WebApplicationContext: initialization completed in 5003 ms
2017-11-16 14:37:49.342 [localhost-startStop-1] INFO  org.springframework.boot.web.servlet.ServletRegistrationBean - Mapping servlet: 'dispatcherServlet' to [/]
2017-11-16 14:37:49.350 [localhost-startStop-1] INFO  org.springframework.boot.web.servlet.FilterRegistrationBean - Mapping filter: 'characterEncodingFilter' to: [/*]
2017-11-16 14:37:49.350 [localhost-startStop-1] INFO  org.springframework.boot.web.servlet.FilterRegistrationBean - Mapping filter: 'hiddenHttpMethodFilter' to: [/*]
2017-11-16 14:37:49.351 [localhost-startStop-1] INFO  org.springframework.boot.web.servlet.FilterRegistrationBean - Mapping filter: 'httpPutFormContentFilter' to: [/*]
2017-11-16 14:37:49.351 [localhost-startStop-1] INFO  org.springframework.boot.web.servlet.FilterRegistrationBean - Mapping filter: 'requestContextFilter' to: [/*]
2017-11-16 14:37:49.351 [localhost-startStop-1] INFO  org.springframework.boot.web.servlet.FilterRegistrationBean - Mapping filter: 'crossFilter' to urls: [/*]
2017-11-16 14:38:11.012 [main] INFO  org.springframework.web.servlet.mvc.method.annotation.RequestMappingHandlerAdapter - Looking for @ControllerAdvice: org.springframework.boot.context.embedded.AnnotationConfigEmbeddedWebApplicationContext@4dcb3539: startup date [Thu Nov 16 14:37:43 CST 2017]; root of context hierarchy
2017-11-16 14:38:11.343 [main] INFO  org.springframework.web.servlet.mvc.method.annotation.RequestMappingHandlerMapping - Mapped "{[/zfb/notify/recharge]}" onto public void com.ywt.jhamster.web.controller.notify.ZfbNotifyController.rechargeNotify(javax.servlet.http.HttpServletRequest)
2017-11-16 14:38:11.374 [main] INFO  org.springframework.web.servlet.mvc.method.annotation.RequestMappingHandlerMapping - Mapped "{[/payment/hello]}" onto public void com.ywt.jhamster.web.controller.payment.PaymentController.index(com.ywt.jhamster.entity.params.GameRechargeParams)
2017-11-16 14:38:11.375 [main] INFO  org.springframework.web.servlet.mvc.method.annotation.RequestMappingHandlerMapping - Mapped "{[/payment/gameRecharge]}" onto public com.ywt.jhamster.common.constant.Result<java.lang.String> com.ywt.jhamster.web.controller.payment.PaymentController.gameRecharge(com.ywt.jhamster.entity.params.GameRechargeParams)
2017-11-16 14:38:11.376 [main] INFO  org.springframework.web.servlet.mvc.method.annotation.RequestMappingHandlerMapping - Mapped "{[/payment/hello2]}" onto public java.lang.String com.ywt.jhamster.web.controller.payment.PaymentController.index2()
2017-11-16 14:38:11.382 [main] INFO  org.springframework.web.servlet.mvc.method.annotation.RequestMappingHandlerMapping - Mapped "{[/error]}" onto public org.springframework.http.ResponseEntity<java.util.Map<java.lang.String, java.lang.Object>> org.springframework.boot.autoconfigure.web.BasicErrorController.error(javax.servlet.http.HttpServletRequest)
2017-11-16 14:38:11.384 [main] INFO  org.springframework.web.servlet.mvc.method.annotation.RequestMappingHandlerMapping - Mapped "{[/error],produces=[text/html]}" onto public org.springframework.web.servlet.ModelAndView org.springframework.boot.autoconfigure.web.BasicErrorController.errorHtml(javax.servlet.http.HttpServletRequest,javax.servlet.http.HttpServletResponse)
2017-11-16 14:38:11.504 [main] INFO  org.springframework.web.servlet.handler.SimpleUrlHandlerMapping - Mapped URL path [/webjars/**] onto handler of type [class org.springframework.web.servlet.resource.ResourceHttpRequestHandler]
2017-11-16 14:38:11.505 [main] INFO  org.springframework.web.servlet.handler.SimpleUrlHandlerMapping - Mapped URL path [/**] onto handler of type [class org.springframework.web.servlet.resource.ResourceHttpRequestHandler]
2017-11-16 14:38:11.706 [main] INFO  org.springframework.web.servlet.handler.SimpleUrlHandlerMapping - Mapped URL path [/**/favicon.ico] onto handler of type [class org.springframework.web.servlet.resource.ResourceHttpRequestHandler]
2017-11-16 14:38:13.047 [main] INFO  org.springframework.jmx.export.annotation.AnnotationMBeanExporter - Registering beans for JMX exposure on startup
2017-11-16 14:38:13.049 [main] INFO  org.springframework.jmx.export.annotation.AnnotationMBeanExporter - Bean with name 'dataSource' has been autodetected for JMX exposure
2017-11-16 14:38:13.055 [main] INFO  org.springframework.jmx.export.annotation.AnnotationMBeanExporter - Located MBean 'dataSource': registering with JMX server as MBean [com.alibaba.druid.pool:name=dataSource,type=DruidDataSource]
2017-11-16 14:38:13.547 [main] INFO  com.alibaba.druid.pool.DruidDataSource - {dataSource-1} inited
2017-11-16 14:38:13.772 [main] INFO  org.apache.coyote.http11.Http11NioProtocol - Initializing ProtocolHandler ["http-nio-8080"]
2017-11-16 14:38:13.804 [main] INFO  org.apache.coyote.http11.Http11NioProtocol - Starting ProtocolHandler [http-nio-8080]
2017-11-16 14:38:13.808 [main] INFO  org.apache.tomcat.util.net.NioSelectorPool - Using a shared selector for servlet write/read
2017-11-16 14:38:13.856 [main] INFO  org.springframework.boot.context.embedded.tomcat.TomcatEmbeddedServletContainer - Tomcat started on port(s): 8080 (http)
2017-11-16 14:38:13.869 [main] INFO  com.ywt.jhamster.web.Start - Started Start in 51.031 seconds (JVM running for 56.959)
2017-11-16 14:41:53.618 [http-nio-8080-exec-1] INFO  org.apache.catalina.core.ContainerBase.[Tomcat].[localhost].[/] - Initializing Spring FrameworkServlet 'dispatcherServlet'
2017-11-16 14:41:53.620 [http-nio-8080-exec-1] INFO  org.springframework.web.servlet.DispatcherServlet - FrameworkServlet 'dispatcherServlet': initialization started
2017-11-16 14:41:53.773 [http-nio-8080-exec-1] INFO  org.springframework.web.servlet.DispatcherServlet - FrameworkServlet 'dispatcherServlet': initialization completed in 153 ms
2017-11-16 14:41:54.456 [http-nio-8080-exec-1] INFO  com.ywt.jhamster.payment.business.impl.PaymentServiceImpl - gameRecharge params:{"characterId":0,"characterName":"哇哈哈","money":500,"payType":1,"server":10}
2017-11-16 14:42:41.141 [http-nio-8080-exec-2] INFO  com.ywt.jhamster.payment.business.impl.PaymentServiceImpl - gameRecharge params:{"characterId":0,"characterName":"哇哈哈","money":500,"payType":1,"server":10}
2017-11-16 14:42:52.986 [http-nio-8080-exec-3] INFO  com.ywt.jhamster.payment.business.impl.PaymentServiceImpl - gameRecharge params:{"characterId":0,"characterName":"哇哈哈","money":500,"payType":1,"server":10}
2017-11-16 14:45:09.944 [background-preinit] INFO  org.hibernate.validator.internal.util.Version - HV000001: Hibernate Validator 5.2.4.Final
2017-11-16 14:45:14.632 [main] INFO  com.ywt.jhamster.web.Start - Starting Start on yuwentaodeMacBook-Pro.local with PID 58911 (/Users/yuwentao/myProject/github/JHamster/JHamster-webapp/target/classes started by yuwentao in /Users/yuwentao/myProject/github/JHamster/JHamster-webapp)
2017-11-16 14:45:14.634 [main] INFO  com.ywt.jhamster.web.Start - No active profile set, falling back to default profiles: default
2017-11-16 14:45:14.712 [main] INFO  o.springframework.boot.context.embedded.AnnotationConfigEmbeddedWebApplicationContext - Refreshing org.springframework.boot.context.embedded.AnnotationConfigEmbeddedWebApplicationContext@6432d4a8: startup date [Thu Nov 16 14:45:14 CST 2017]; root of context hierarchy
2017-11-16 14:45:15.905 [main] INFO  org.springframework.beans.factory.xml.XmlBeanDefinitionReader - Loading XML bean definitions from class path resource [component/rocketmq-config.xml]
2017-11-16 14:45:16.723 [main] INFO  o.s.context.support.PostProcessorRegistrationDelegate$BeanPostProcessorChecker - Bean 'dbConfig' of type [class com.ywt.jhamster.web.configs.DbConfig$$EnhancerBySpringCGLIB$$10a6831e] is not eligible for getting processed by all BeanPostProcessors (for example: not eligible for auto-proxying)
2017-11-16 14:45:17.428 [main] INFO  o.s.context.support.PostProcessorRegistrationDelegate$BeanPostProcessorChecker - Bean 'dataSource' of type [class com.alibaba.druid.pool.DruidDataSource] is not eligible for getting processed by all BeanPostProcessors (for example: not eligible for auto-proxying)
2017-11-16 14:45:17.939 [main] INFO  o.s.context.support.PostProcessorRegistrationDelegate$BeanPostProcessorChecker - Bean 'sqlSessionFactoryBean' of type [class org.mybatis.spring.SqlSessionFactoryBean] is not eligible for getting processed by all BeanPostProcessors (for example: not eligible for auto-proxying)
2017-11-16 14:45:17.939 [main] INFO  o.s.context.support.PostProcessorRegistrationDelegate$BeanPostProcessorChecker - Bean 'sqlSessionFactoryBean' of type [class org.apache.ibatis.session.defaults.DefaultSqlSessionFactory] is not eligible for getting processed by all BeanPostProcessors (for example: not eligible for auto-proxying)
2017-11-16 14:45:17.949 [main] INFO  o.s.context.support.PostProcessorRegistrationDelegate$BeanPostProcessorChecker - Bean 'systemConfigMapperExt' of type [class org.mybatis.spring.mapper.MapperFactoryBean] is not eligible for getting processed by all BeanPostProcessors (for example: not eligible for auto-proxying)
2017-11-16 14:45:17.951 [main] INFO  o.s.context.support.PostProcessorRegistrationDelegate$BeanPostProcessorChecker - Bean 'systemConfigMapper' of type [class org.mybatis.spring.mapper.MapperFactoryBean] is not eligible for getting processed by all BeanPostProcessors (for example: not eligible for auto-proxying)
2017-11-16 14:45:17.953 [main] INFO  o.s.context.support.PostProcessorRegistrationDelegate$BeanPostProcessorChecker - Bean 'ruleMapperExt' of type [class org.mybatis.spring.mapper.MapperFactoryBean] is not eligible for getting processed by all BeanPostProcessors (for example: not eligible for auto-proxying)
2017-11-16 14:45:17.956 [main] INFO  o.s.context.support.PostProcessorRegistrationDelegate$BeanPostProcessorChecker - Bean 'ruleMapper' of type [class org.mybatis.spring.mapper.MapperFactoryBean] is not eligible for getting processed by all BeanPostProcessors (for example: not eligible for auto-proxying)
2017-11-16 14:45:17.958 [main] INFO  o.s.context.support.PostProcessorRegistrationDelegate$BeanPostProcessorChecker - Bean 'ordersMapperExt' of type [class org.mybatis.spring.mapper.MapperFactoryBean] is not eligible for getting processed by all BeanPostProcessors (for example: not eligible for auto-proxying)
2017-11-16 14:45:17.960 [main] INFO  o.s.context.support.PostProcessorRegistrationDelegate$BeanPostProcessorChecker - Bean 'ordersMapper' of type [class org.mybatis.spring.mapper.MapperFactoryBean] is not eligible for getting processed by all BeanPostProcessors (for example: not eligible for auto-proxying)
2017-11-16 14:45:18.011 [main] INFO  o.s.context.support.PostProcessorRegistrationDelegate$BeanPostProcessorChecker - Bean 'org.springframework.transaction.annotation.ProxyTransactionManagementConfiguration' of type [class org.springframework.transaction.annotation.ProxyTransactionManagementConfiguration$$EnhancerBySpringCGLIB$$2ba6991] is not eligible for getting processed by all BeanPostProcessors (for example: not eligible for auto-proxying)
2017-11-16 14:45:18.525 [main] INFO  org.springframework.boot.context.embedded.tomcat.TomcatEmbeddedServletContainer - Tomcat initialized with port(s): 8080 (http)
2017-11-16 14:45:18.544 [main] INFO  org.apache.catalina.core.StandardService - Starting service Tomcat
2017-11-16 14:45:18.546 [main] INFO  org.apache.catalina.core.StandardEngine - Starting Servlet Engine: Apache Tomcat/8.5.6
2017-11-16 14:45:18.705 [localhost-startStop-1] INFO  org.apache.catalina.core.ContainerBase.[Tomcat].[localhost].[/] - Initializing Spring embedded WebApplicationContext
2017-11-16 14:45:18.705 [localhost-startStop-1] INFO  org.springframework.web.context.ContextLoader - Root WebApplicationContext: initialization completed in 3993 ms
2017-11-16 14:45:19.046 [localhost-startStop-1] INFO  org.springframework.boot.web.servlet.ServletRegistrationBean - Mapping servlet: 'dispatcherServlet' to [/]
2017-11-16 14:45:19.059 [localhost-startStop-1] INFO  org.springframework.boot.web.servlet.FilterRegistrationBean - Mapping filter: 'characterEncodingFilter' to: [/*]
2017-11-16 14:45:19.060 [localhost-startStop-1] INFO  org.springframework.boot.web.servlet.FilterRegistrationBean - Mapping filter: 'hiddenHttpMethodFilter' to: [/*]
2017-11-16 14:45:19.060 [localhost-startStop-1] INFO  org.springframework.boot.web.servlet.FilterRegistrationBean - Mapping filter: 'httpPutFormContentFilter' to: [/*]
2017-11-16 14:45:19.061 [localhost-startStop-1] INFO  org.springframework.boot.web.servlet.FilterRegistrationBean - Mapping filter: 'requestContextFilter' to: [/*]
2017-11-16 14:45:19.061 [localhost-startStop-1] INFO  org.springframework.boot.web.servlet.FilterRegistrationBean - Mapping filter: 'crossFilter' to urls: [/*]
2017-11-16 14:45:40.287 [main] INFO  org.springframework.web.servlet.mvc.method.annotation.RequestMappingHandlerAdapter - Looking for @ControllerAdvice: org.springframework.boot.context.embedded.AnnotationConfigEmbeddedWebApplicationContext@6432d4a8: startup date [Thu Nov 16 14:45:14 CST 2017]; root of context hierarchy
2017-11-16 14:45:40.445 [main] INFO  org.springframework.web.servlet.mvc.method.annotation.RequestMappingHandlerMapping - Mapped "{[/zfb/notify/recharge]}" onto public void com.ywt.jhamster.web.controller.notify.ZfbNotifyController.rechargeNotify(javax.servlet.http.HttpServletRequest)
2017-11-16 14:45:40.448 [main] INFO  org.springframework.web.servlet.mvc.method.annotation.RequestMappingHandlerMapping - Mapped "{[/payment/hello]}" onto public void com.ywt.jhamster.web.controller.payment.PaymentController.index(com.ywt.jhamster.entity.params.GameRechargeParams)
2017-11-16 14:45:40.449 [main] INFO  org.springframework.web.servlet.mvc.method.annotation.RequestMappingHandlerMapping - Mapped "{[/payment/hello2]}" onto public java.lang.String com.ywt.jhamster.web.controller.payment.PaymentController.index2()
2017-11-16 14:45:40.450 [main] INFO  org.springframework.web.servlet.mvc.method.annotation.RequestMappingHandlerMapping - Mapped "{[/payment/gameRecharge]}" onto public com.ywt.jhamster.common.constant.Result<java.lang.String> com.ywt.jhamster.web.controller.payment.PaymentController.gameRecharge(com.ywt.jhamster.entity.params.GameRechargeParams)
2017-11-16 14:45:40.458 [main] INFO  org.springframework.web.servlet.mvc.method.annotation.RequestMappingHandlerMapping - Mapped "{[/error]}" onto public org.springframework.http.ResponseEntity<java.util.Map<java.lang.String, java.lang.Object>> org.springframework.boot.autoconfigure.web.BasicErrorController.error(javax.servlet.http.HttpServletRequest)
2017-11-16 14:45:40.458 [main] INFO  org.springframework.web.servlet.mvc.method.annotation.RequestMappingHandlerMapping - Mapped "{[/error],produces=[text/html]}" onto public org.springframework.web.servlet.ModelAndView org.springframework.boot.autoconfigure.web.BasicErrorController.errorHtml(javax.servlet.http.HttpServletRequest,javax.servlet.http.HttpServletResponse)
2017-11-16 14:45:40.549 [main] INFO  org.springframework.web.servlet.handler.SimpleUrlHandlerMapping - Mapped URL path [/webjars/**] onto handler of type [class org.springframework.web.servlet.resource.ResourceHttpRequestHandler]
2017-11-16 14:45:40.549 [main] INFO  org.springframework.web.servlet.handler.SimpleUrlHandlerMapping - Mapped URL path [/**] onto handler of type [class org.springframework.web.servlet.resource.ResourceHttpRequestHandler]
2017-11-16 14:45:40.664 [main] INFO  org.springframework.web.servlet.handler.SimpleUrlHandlerMapping - Mapped URL path [/**/favicon.ico] onto handler of type [class org.springframework.web.servlet.resource.ResourceHttpRequestHandler]
2017-11-16 14:45:41.449 [main] INFO  org.springframework.jmx.export.annotation.AnnotationMBeanExporter - Registering beans for JMX exposure on startup
2017-11-16 14:45:41.451 [main] INFO  org.springframework.jmx.export.annotation.AnnotationMBeanExporter - Bean with name 'dataSource' has been autodetected for JMX exposure
2017-11-16 14:45:41.460 [main] INFO  org.springframework.jmx.export.annotation.AnnotationMBeanExporter - Located MBean 'dataSource': registering with JMX server as MBean [com.alibaba.druid.pool:name=dataSource,type=DruidDataSource]
2017-11-16 14:45:42.201 [main] INFO  com.alibaba.druid.pool.DruidDataSource - {dataSource-1} inited
2017-11-16 14:45:42.359 [main] INFO  org.apache.coyote.http11.Http11NioProtocol - Initializing ProtocolHandler ["http-nio-8080"]
2017-11-16 14:45:42.386 [main] INFO  org.apache.coyote.http11.Http11NioProtocol - Starting ProtocolHandler [http-nio-8080]
2017-11-16 14:45:42.390 [main] INFO  org.apache.tomcat.util.net.NioSelectorPool - Using a shared selector for servlet write/read
2017-11-16 14:45:42.429 [main] INFO  org.springframework.boot.context.embedded.tomcat.TomcatEmbeddedServletContainer - Tomcat started on port(s): 8080 (http)
2017-11-16 14:45:42.438 [main] INFO  com.ywt.jhamster.web.Start - Started Start in 48.683 seconds (JVM running for 54.54)
2017-11-16 14:46:19.013 [http-nio-8080-exec-1] INFO  org.apache.catalina.core.ContainerBase.[Tomcat].[localhost].[/] - Initializing Spring FrameworkServlet 'dispatcherServlet'
2017-11-16 14:46:19.014 [http-nio-8080-exec-1] INFO  org.springframework.web.servlet.DispatcherServlet - FrameworkServlet 'dispatcherServlet': initialization started
2017-11-16 14:46:19.194 [http-nio-8080-exec-1] INFO  org.springframework.web.servlet.DispatcherServlet - FrameworkServlet 'dispatcherServlet': initialization completed in 180 ms
2017-11-16 14:46:19.514 [http-nio-8080-exec-1] INFO  com.ywt.jhamster.payment.business.impl.PaymentServiceImpl - gameRecharge params:{"characterId":123,"characterName":"sadasd","money":100,"payType":1,"server":10}
2017-11-16 14:46:34.880 [http-nio-8080-exec-2] INFO  com.ywt.jhamster.payment.business.impl.PaymentServiceImpl - gameRecharge params:{"characterId":123,"characterName":"sadasd","money":100,"payType":1,"server":10}
2017-11-16 14:46:43.655 [http-nio-8080-exec-3] INFO  com.ywt.jhamster.payment.business.impl.PaymentServiceImpl - gameRecharge params:{"characterId":123,"characterName":"sadasd","money":200,"payType":1,"server":10}
2017-11-16 14:46:55.197 [http-nio-8080-exec-4] INFO  com.ywt.jhamster.payment.business.impl.PaymentServiceImpl - gameRecharge params:{"characterId":123,"characterName":"sadasd","money":300,"payType":1,"server":10}
2017-11-16 14:47:00.240 [http-nio-8080-exec-5] INFO  com.ywt.jhamster.payment.business.impl.PaymentServiceImpl - gameRecharge params:{"characterId":123,"characterName":"sadasd","money":500,"payType":1,"server":10}
2017-11-16 14:47:04.734 [http-nio-8080-exec-6] INFO  com.ywt.jhamster.payment.business.impl.PaymentServiceImpl - gameRecharge params:{"characterId":123,"characterName":"sadasd","money":800,"payType":1,"server":10}
2017-11-16 14:47:09.078 [http-nio-8080-exec-7] INFO  com.ywt.jhamster.payment.business.impl.PaymentServiceImpl - gameRecharge params:{"characterId":123,"characterName":"sadasd","money":1000,"payType":1,"server":10}
2017-11-16 14:47:25.336 [Thread-4] INFO  o.springframework.boot.context.embedded.AnnotationConfigEmbeddedWebApplicationContext - Closing org.springframework.boot.context.embedded.AnnotationConfigEmbeddedWebApplicationContext@6432d4a8: startup date [Thu Nov 16 14:45:14 CST 2017]; root of context hierarchy
2017-11-16 14:47:25.346 [Thread-4] INFO  org.springframework.jmx.export.annotation.AnnotationMBeanExporter - Unregistering JMX-exposed beans on shutdown
2017-11-16 14:47:25.346 [Thread-4] INFO  org.springframework.jmx.export.annotation.AnnotationMBeanExporter - Unregistering JMX-exposed beans
2017-11-16 14:47:25.374 [Thread-4] INFO  com.alibaba.druid.pool.DruidDataSource - {dataSource-1} closed
2017-11-16 17:34:13.362 [background-preinit] INFO  org.hibernate.validator.internal.util.Version - HV000001: Hibernate Validator 5.2.4.Final
2017-11-16 17:34:18.039 [main] INFO  com.ywt.jhamster.web.Start - Starting Start on yuwentaodeMacBook-Pro.local with PID 60555 (/Users/yuwentao/myProject/github/JHamster/JHamster-webapp/target/classes started by yuwentao in /Users/yuwentao/myProject/github/JHamster/JHamster-webapp)
2017-11-16 17:34:18.040 [main] INFO  com.ywt.jhamster.web.Start - No active profile set, falling back to default profiles: default
2017-11-16 17:34:18.122 [main] INFO  o.springframework.boot.context.embedded.AnnotationConfigEmbeddedWebApplicationContext - Refreshing org.springframework.boot.context.embedded.AnnotationConfigEmbeddedWebApplicationContext@4c60659b: startup date [Thu Nov 16 17:34:18 CST 2017]; root of context hierarchy
2017-11-16 17:34:19.529 [main] INFO  org.springframework.beans.factory.xml.XmlBeanDefinitionReader - Loading XML bean definitions from class path resource [component/rocketmq-config.xml]
2017-11-16 17:34:20.505 [main] INFO  o.s.context.support.PostProcessorRegistrationDelegate$BeanPostProcessorChecker - Bean 'dbConfig' of type [class com.ywt.jhamster.web.configs.DbConfig$$EnhancerBySpringCGLIB$$d0872d8e] is not eligible for getting processed by all BeanPostProcessors (for example: not eligible for auto-proxying)
2017-11-16 17:34:21.431 [main] INFO  o.s.context.support.PostProcessorRegistrationDelegate$BeanPostProcessorChecker - Bean 'dataSource' of type [class com.alibaba.druid.pool.DruidDataSource] is not eligible for getting processed by all BeanPostProcessors (for example: not eligible for auto-proxying)
2017-11-16 17:34:22.106 [main] INFO  o.s.context.support.PostProcessorRegistrationDelegate$BeanPostProcessorChecker - Bean 'sqlSessionFactoryBean' of type [class org.mybatis.spring.SqlSessionFactoryBean] is not eligible for getting processed by all BeanPostProcessors (for example: not eligible for auto-proxying)
2017-11-16 17:34:22.107 [main] INFO  o.s.context.support.PostProcessorRegistrationDelegate$BeanPostProcessorChecker - Bean 'sqlSessionFactoryBean' of type [class org.apache.ibatis.session.defaults.DefaultSqlSessionFactory] is not eligible for getting processed by all BeanPostProcessors (for example: not eligible for auto-proxying)
2017-11-16 17:34:22.120 [main] INFO  o.s.context.support.PostProcessorRegistrationDelegate$BeanPostProcessorChecker - Bean 'systemConfigMapperExt' of type [class org.mybatis.spring.mapper.MapperFactoryBean] is not eligible for getting processed by all BeanPostProcessors (for example: not eligible for auto-proxying)
2017-11-16 17:34:22.124 [main] INFO  o.s.context.support.PostProcessorRegistrationDelegate$BeanPostProcessorChecker - Bean 'systemConfigMapper' of type [class org.mybatis.spring.mapper.MapperFactoryBean] is not eligible for getting processed by all BeanPostProcessors (for example: not eligible for auto-proxying)
2017-11-16 17:34:22.127 [main] INFO  o.s.context.support.PostProcessorRegistrationDelegate$BeanPostProcessorChecker - Bean 'ruleMapperExt' of type [class org.mybatis.spring.mapper.MapperFactoryBean] is not eligible for getting processed by all BeanPostProcessors (for example: not eligible for auto-proxying)
2017-11-16 17:34:22.131 [main] INFO  o.s.context.support.PostProcessorRegistrationDelegate$BeanPostProcessorChecker - Bean 'ruleMapper' of type [class org.mybatis.spring.mapper.MapperFactoryBean] is not eligible for getting processed by all BeanPostProcessors (for example: not eligible for auto-proxying)
2017-11-16 17:34:22.133 [main] INFO  o.s.context.support.PostProcessorRegistrationDelegate$BeanPostProcessorChecker - Bean 'ordersMapperExt' of type [class org.mybatis.spring.mapper.MapperFactoryBean] is not eligible for getting processed by all BeanPostProcessors (for example: not eligible for auto-proxying)
2017-11-16 17:34:22.136 [main] INFO  o.s.context.support.PostProcessorRegistrationDelegate$BeanPostProcessorChecker - Bean 'ordersMapper' of type [class org.mybatis.spring.mapper.MapperFactoryBean] is not eligible for getting processed by all BeanPostProcessors (for example: not eligible for auto-proxying)
2017-11-16 17:34:22.216 [main] INFO  o.s.context.support.PostProcessorRegistrationDelegate$BeanPostProcessorChecker - Bean 'org.springframework.transaction.annotation.ProxyTransactionManagementConfiguration' of type [class org.springframework.transaction.annotation.ProxyTransactionManagementConfiguration$$EnhancerBySpringCGLIB$$c29b1401] is not eligible for getting processed by all BeanPostProcessors (for example: not eligible for auto-proxying)
2017-11-16 17:34:22.902 [main] INFO  org.springframework.boot.context.embedded.tomcat.TomcatEmbeddedServletContainer - Tomcat initialized with port(s): 8080 (http)
2017-11-16 17:34:22.926 [main] INFO  org.apache.catalina.core.StandardService - Starting service Tomcat
2017-11-16 17:34:22.927 [main] INFO  org.apache.catalina.core.StandardEngine - Starting Servlet Engine: Apache Tomcat/8.5.6
2017-11-16 17:34:23.086 [localhost-startStop-1] INFO  org.apache.catalina.core.ContainerBase.[Tomcat].[localhost].[/] - Initializing Spring embedded WebApplicationContext
2017-11-16 17:34:23.086 [localhost-startStop-1] INFO  org.springframework.web.context.ContextLoader - Root WebApplicationContext: initialization completed in 4964 ms
2017-11-16 17:34:23.417 [localhost-startStop-1] INFO  org.springframework.boot.web.servlet.ServletRegistrationBean - Mapping servlet: 'dispatcherServlet' to [/]
2017-11-16 17:34:23.423 [localhost-startStop-1] INFO  org.springframework.boot.web.servlet.FilterRegistrationBean - Mapping filter: 'characterEncodingFilter' to: [/*]
2017-11-16 17:34:23.424 [localhost-startStop-1] INFO  org.springframework.boot.web.servlet.FilterRegistrationBean - Mapping filter: 'hiddenHttpMethodFilter' to: [/*]
2017-11-16 17:34:23.424 [localhost-startStop-1] INFO  org.springframework.boot.web.servlet.FilterRegistrationBean - Mapping filter: 'httpPutFormContentFilter' to: [/*]
2017-11-16 17:34:23.424 [localhost-startStop-1] INFO  org.springframework.boot.web.servlet.FilterRegistrationBean - Mapping filter: 'requestContextFilter' to: [/*]
2017-11-16 17:34:23.424 [localhost-startStop-1] INFO  org.springframework.boot.web.servlet.FilterRegistrationBean - Mapping filter: 'crossFilter' to urls: [/*]
2017-11-16 17:34:44.312 [main] INFO  org.springframework.web.servlet.mvc.method.annotation.RequestMappingHandlerAdapter - Looking for @ControllerAdvice: org.springframework.boot.context.embedded.AnnotationConfigEmbeddedWebApplicationContext@4c60659b: startup date [Thu Nov 16 17:34:18 CST 2017]; root of context hierarchy
2017-11-16 17:34:44.551 [main] INFO  org.springframework.web.servlet.mvc.method.annotation.RequestMappingHandlerMapping - Mapped "{[/zfb/notify/recharge]}" onto public void com.ywt.jhamster.web.controller.notify.ZfbNotifyController.rechargeNotify(javax.servlet.http.HttpServletRequest)
2017-11-16 17:34:44.553 [main] INFO  org.springframework.web.servlet.mvc.method.annotation.RequestMappingHandlerMapping - Mapped "{[/payment/hello]}" onto public void com.ywt.jhamster.web.controller.payment.PaymentController.index(com.ywt.jhamster.entity.params.GameRechargeParams)
2017-11-16 17:34:44.554 [main] INFO  org.springframework.web.servlet.mvc.method.annotation.RequestMappingHandlerMapping - Mapped "{[/payment/hello2]}" onto public java.lang.String com.ywt.jhamster.web.controller.payment.PaymentController.index2()
2017-11-16 17:34:44.554 [main] INFO  org.springframework.web.servlet.mvc.method.annotation.RequestMappingHandlerMapping - Mapped "{[/payment/gameRecharge]}" onto public com.ywt.jhamster.common.constant.Result<java.lang.String> com.ywt.jhamster.web.controller.payment.PaymentController.gameRecharge(com.ywt.jhamster.entity.params.GameRechargeParams)
2017-11-16 17:34:44.558 [main] INFO  org.springframework.web.servlet.mvc.method.annotation.RequestMappingHandlerMapping - Mapped "{[/error]}" onto public org.springframework.http.ResponseEntity<java.util.Map<java.lang.String, java.lang.Object>> org.springframework.boot.autoconfigure.web.BasicErrorController.error(javax.servlet.http.HttpServletRequest)
2017-11-16 17:34:44.558 [main] INFO  org.springframework.web.servlet.mvc.method.annotation.RequestMappingHandlerMapping - Mapped "{[/error],produces=[text/html]}" onto public org.springframework.web.servlet.ModelAndView org.springframework.boot.autoconfigure.web.BasicErrorController.errorHtml(javax.servlet.http.HttpServletRequest,javax.servlet.http.HttpServletResponse)
2017-11-16 17:34:44.612 [main] INFO  org.springframework.web.servlet.handler.SimpleUrlHandlerMapping - Mapped URL path [/webjars/**] onto handler of type [class org.springframework.web.servlet.resource.ResourceHttpRequestHandler]
2017-11-16 17:34:44.612 [main] INFO  org.springframework.web.servlet.handler.SimpleUrlHandlerMapping - Mapped URL path [/**] onto handler of type [class org.springframework.web.servlet.resource.ResourceHttpRequestHandler]
2017-11-16 17:34:44.709 [main] INFO  org.springframework.web.servlet.handler.SimpleUrlHandlerMapping - Mapped URL path [/**/favicon.ico] onto handler of type [class org.springframework.web.servlet.resource.ResourceHttpRequestHandler]
2017-11-16 17:34:45.414 [main] INFO  org.springframework.jmx.export.annotation.AnnotationMBeanExporter - Registering beans for JMX exposure on startup
2017-11-16 17:34:45.415 [main] INFO  org.springframework.jmx.export.annotation.AnnotationMBeanExporter - Bean with name 'dataSource' has been autodetected for JMX exposure
2017-11-16 17:34:45.422 [main] INFO  org.springframework.jmx.export.annotation.AnnotationMBeanExporter - Located MBean 'dataSource': registering with JMX server as MBean [com.alibaba.druid.pool:name=dataSource,type=DruidDataSource]
2017-11-16 17:34:46.012 [main] INFO  com.alibaba.druid.pool.DruidDataSource - {dataSource-1} inited
2017-11-16 17:34:46.143 [main] INFO  org.apache.coyote.http11.Http11NioProtocol - Initializing ProtocolHandler ["http-nio-8080"]
2017-11-16 17:34:46.173 [main] INFO  org.apache.coyote.http11.Http11NioProtocol - Starting ProtocolHandler [http-nio-8080]
2017-11-16 17:34:46.177 [main] INFO  org.apache.tomcat.util.net.NioSelectorPool - Using a shared selector for servlet write/read
2017-11-16 17:34:46.207 [main] INFO  org.springframework.boot.context.embedded.tomcat.TomcatEmbeddedServletContainer - Tomcat started on port(s): 8080 (http)
2017-11-16 17:34:46.217 [main] INFO  com.ywt.jhamster.web.Start - Started Start in 49.18 seconds (JVM running for 54.986)
2017-11-16 17:35:53.396 [http-nio-8080-exec-1] INFO  org.apache.catalina.core.ContainerBase.[Tomcat].[localhost].[/] - Initializing Spring FrameworkServlet 'dispatcherServlet'
2017-11-16 17:35:53.398 [http-nio-8080-exec-1] INFO  org.springframework.web.servlet.DispatcherServlet - FrameworkServlet 'dispatcherServlet': initialization started
2017-11-16 17:35:53.604 [http-nio-8080-exec-1] INFO  org.springframework.web.servlet.DispatcherServlet - FrameworkServlet 'dispatcherServlet': initialization completed in 204 ms
2017-11-16 17:35:54.145 [http-nio-8080-exec-1] INFO  com.ywt.jhamster.payment.business.impl.PaymentServiceImpl - gameRecharge params:{"characterId":1,"characterName":"邹飞","money":1000,"payType":1,"server":10}
2017-11-16 17:37:46.042 [Thread-4] INFO  o.springframework.boot.context.embedded.AnnotationConfigEmbeddedWebApplicationContext - Closing org.springframework.boot.context.embedded.AnnotationConfigEmbeddedWebApplicationContext@4c60659b: startup date [Thu Nov 16 17:34:18 CST 2017]; root of context hierarchy
2017-11-16 17:37:46.051 [Thread-4] INFO  org.springframework.jmx.export.annotation.AnnotationMBeanExporter - Unregistering JMX-exposed beans on shutdown
2017-11-16 17:37:46.052 [Thread-4] INFO  org.springframework.jmx.export.annotation.AnnotationMBeanExporter - Unregistering JMX-exposed beans
2017-11-16 17:37:46.078 [Thread-4] INFO  com.alibaba.druid.pool.DruidDataSource - {dataSource-1} closed
