2017-11-21 15:00:28.397 [background-preinit] INFO  org.hibernate.validator.internal.util.Version - HV000001: Hibernate Validator 5.2.4.Final
2017-11-21 15:00:33.067 [main] INFO  com.ywt.jhamster.web.Start - Starting Start on yuwentaodeMacBook-Pro.local with PID 901 (/Users/yuwentao/myProject/github/JHamster/JHamster-webapp/target/classes started by yuwentao in /Users/yuwentao/myProject/github/JHamster/JHamster-webapp)
2017-11-21 15:00:33.069 [main] INFO  com.ywt.jhamster.web.Start - No active profile set, falling back to default profiles: default
2017-11-21 15:00:33.135 [main] INFO  o.springframework.boot.context.embedded.AnnotationConfigEmbeddedWebApplicationContext - Refreshing org.springframework.boot.context.embedded.AnnotationConfigEmbeddedWebApplicationContext@2459270: startup date [Tue Nov 21 15:00:33 CST 2017]; root of context hierarchy
2017-11-21 15:00:34.153 [main] INFO  org.springframework.beans.factory.xml.XmlBeanDefinitionReader - Loading XML bean definitions from class path resource [component/rocketmq-config.xml]
2017-11-21 15:00:34.771 [main] INFO  o.s.context.support.PostProcessorRegistrationDelegate$BeanPostProcessorChecker - Bean 'dbConfig' of type [class com.ywt.jhamster.web.configs.DbConfig$$EnhancerBySpringCGLIB$$1a1d71e5] is not eligible for getting processed by all BeanPostProcessors (for example: not eligible for auto-proxying)
2017-11-21 15:00:35.490 [main] INFO  o.s.context.support.PostProcessorRegistrationDelegate$BeanPostProcessorChecker - Bean 'dataSource' of type [class com.alibaba.druid.pool.DruidDataSource] is not eligible for getting processed by all BeanPostProcessors (for example: not eligible for auto-proxying)
2017-11-21 15:00:35.919 [main] INFO  o.s.context.support.PostProcessorRegistrationDelegate$BeanPostProcessorChecker - Bean 'sqlSessionFactoryBean' of type [class org.mybatis.spring.SqlSessionFactoryBean] is not eligible for getting processed by all BeanPostProcessors (for example: not eligible for auto-proxying)
2017-11-21 15:00:35.920 [main] INFO  o.s.context.support.PostProcessorRegistrationDelegate$BeanPostProcessorChecker - Bean 'sqlSessionFactoryBean' of type [class org.apache.ibatis.session.defaults.DefaultSqlSessionFactory] is not eligible for getting processed by all BeanPostProcessors (for example: not eligible for auto-proxying)
2017-11-21 15:00:35.927 [main] INFO  o.s.context.support.PostProcessorRegistrationDelegate$BeanPostProcessorChecker - Bean 'systemConfigMapperExt' of type [class org.mybatis.spring.mapper.MapperFactoryBean] is not eligible for getting processed by all BeanPostProcessors (for example: not eligible for auto-proxying)
2017-11-21 15:00:35.930 [main] INFO  o.s.context.support.PostProcessorRegistrationDelegate$BeanPostProcessorChecker - Bean 'systemConfigMapper' of type [class org.mybatis.spring.mapper.MapperFactoryBean] is not eligible for getting processed by all BeanPostProcessors (for example: not eligible for auto-proxying)
2017-11-21 15:00:35.932 [main] INFO  o.s.context.support.PostProcessorRegistrationDelegate$BeanPostProcessorChecker - Bean 'ruleMapperExt' of type [class org.mybatis.spring.mapper.MapperFactoryBean] is not eligible for getting processed by all BeanPostProcessors (for example: not eligible for auto-proxying)
2017-11-21 15:00:35.934 [main] INFO  o.s.context.support.PostProcessorRegistrationDelegate$BeanPostProcessorChecker - Bean 'ruleMapper' of type [class org.mybatis.spring.mapper.MapperFactoryBean] is not eligible for getting processed by all BeanPostProcessors (for example: not eligible for auto-proxying)
2017-11-21 15:00:35.936 [main] INFO  o.s.context.support.PostProcessorRegistrationDelegate$BeanPostProcessorChecker - Bean 'ordersMapperExt' of type [class org.mybatis.spring.mapper.MapperFactoryBean] is not eligible for getting processed by all BeanPostProcessors (for example: not eligible for auto-proxying)
2017-11-21 15:00:35.938 [main] INFO  o.s.context.support.PostProcessorRegistrationDelegate$BeanPostProcessorChecker - Bean 'ordersMapper' of type [class org.mybatis.spring.mapper.MapperFactoryBean] is not eligible for getting processed by all BeanPostProcessors (for example: not eligible for auto-proxying)
2017-11-21 15:00:35.988 [main] INFO  o.s.context.support.PostProcessorRegistrationDelegate$BeanPostProcessorChecker - Bean 'org.springframework.transaction.annotation.ProxyTransactionManagementConfiguration' of type [class org.springframework.transaction.annotation.ProxyTransactionManagementConfiguration$$EnhancerBySpringCGLIB$$c315858] is not eligible for getting processed by all BeanPostProcessors (for example: not eligible for auto-proxying)
2017-11-21 15:00:36.366 [main] INFO  org.springframework.boot.context.embedded.tomcat.TomcatEmbeddedServletContainer - Tomcat initialized with port(s): 8080 (http)
2017-11-21 15:00:36.388 [main] INFO  org.apache.catalina.core.StandardService - Starting service Tomcat
2017-11-21 15:00:36.389 [main] INFO  org.apache.catalina.core.StandardEngine - Starting Servlet Engine: Apache Tomcat/8.5.6
2017-11-21 15:00:36.544 [localhost-startStop-1] INFO  org.apache.catalina.core.ContainerBase.[Tomcat].[localhost].[/] - Initializing Spring embedded WebApplicationContext
2017-11-21 15:00:36.545 [localhost-startStop-1] INFO  org.springframework.web.context.ContextLoader - Root WebApplicationContext: initialization completed in 3410 ms
2017-11-21 15:00:36.891 [localhost-startStop-1] INFO  org.springframework.boot.web.servlet.ServletRegistrationBean - Mapping servlet: 'dispatcherServlet' to [/]
2017-11-21 15:00:36.899 [localhost-startStop-1] INFO  org.springframework.boot.web.servlet.FilterRegistrationBean - Mapping filter: 'characterEncodingFilter' to: [/*]
2017-11-21 15:00:36.900 [localhost-startStop-1] INFO  org.springframework.boot.web.servlet.FilterRegistrationBean - Mapping filter: 'hiddenHttpMethodFilter' to: [/*]
2017-11-21 15:00:36.901 [localhost-startStop-1] INFO  org.springframework.boot.web.servlet.FilterRegistrationBean - Mapping filter: 'httpPutFormContentFilter' to: [/*]
2017-11-21 15:00:36.901 [localhost-startStop-1] INFO  org.springframework.boot.web.servlet.FilterRegistrationBean - Mapping filter: 'requestContextFilter' to: [/*]
2017-11-21 15:00:36.901 [localhost-startStop-1] INFO  org.springframework.boot.web.servlet.FilterRegistrationBean - Mapping filter: 'crossFilter' to urls: [/*]
2017-11-21 15:00:57.855 [main] INFO  org.springframework.web.servlet.mvc.method.annotation.RequestMappingHandlerAdapter - Looking for @ControllerAdvice: org.springframework.boot.context.embedded.AnnotationConfigEmbeddedWebApplicationContext@2459270: startup date [Tue Nov 21 15:00:33 CST 2017]; root of context hierarchy
2017-11-21 15:00:57.974 [main] INFO  org.springframework.web.servlet.mvc.method.annotation.RequestMappingHandlerMapping - Mapped "{[/zfb/notify/recharge]}" onto public void com.ywt.jhamster.web.controller.notify.ZfbNotifyController.rechargeNotify(javax.servlet.http.HttpServletRequest)
2017-11-21 15:00:57.980 [main] INFO  org.springframework.web.servlet.mvc.method.annotation.RequestMappingHandlerMapping - Mapped "{[/payment/hello]}" onto public void com.ywt.jhamster.web.controller.payment.PaymentController.index(com.ywt.jhamster.entity.params.GameRechargeParams)
2017-11-21 15:00:57.981 [main] INFO  org.springframework.web.servlet.mvc.method.annotation.RequestMappingHandlerMapping - Mapped "{[/payment/gameRecharge]}" onto public com.ywt.jhamster.common.constant.Result<java.lang.String> com.ywt.jhamster.web.controller.payment.PaymentController.gameRecharge(com.ywt.jhamster.entity.params.GameRechargeParams)
2017-11-21 15:00:57.982 [main] INFO  org.springframework.web.servlet.mvc.method.annotation.RequestMappingHandlerMapping - Mapped "{[/payment/hello2]}" onto public com.ywt.jhamster.common.constant.Result<java.lang.String> com.ywt.jhamster.web.controller.payment.PaymentController.index2()
2017-11-21 15:00:57.983 [main] INFO  org.springframework.web.servlet.mvc.method.annotation.RequestMappingHandlerMapping - Mapped "{[/payment/hello1]}" onto public void com.ywt.jhamster.web.controller.payment.PaymentController.index1(com.ywt.jhamster.entity.params.GameRechargeParams)
2017-11-21 15:00:58.055 [main] INFO  org.springframework.web.servlet.handler.SimpleUrlHandlerMapping - Mapped URL path [/webjars/**] onto handler of type [class org.springframework.web.servlet.resource.ResourceHttpRequestHandler]
2017-11-21 15:00:58.055 [main] INFO  org.springframework.web.servlet.handler.SimpleUrlHandlerMapping - Mapped URL path [/**] onto handler of type [class org.springframework.web.servlet.resource.ResourceHttpRequestHandler]
2017-11-21 15:00:58.089 [main] INFO  o.springframework.web.servlet.mvc.method.annotation.ExceptionHandlerExceptionResolver - Detected @ExceptionHandler methods in bussinessExceptionHandle
2017-11-21 15:00:58.148 [main] INFO  org.springframework.web.servlet.handler.SimpleUrlHandlerMapping - Mapped URL path [/**/favicon.ico] onto handler of type [class org.springframework.web.servlet.resource.ResourceHttpRequestHandler]
2017-11-21 15:00:58.801 [main] INFO  org.springframework.jmx.export.annotation.AnnotationMBeanExporter - Registering beans for JMX exposure on startup
2017-11-21 15:00:58.803 [main] INFO  org.springframework.jmx.export.annotation.AnnotationMBeanExporter - Bean with name 'dataSource' has been autodetected for JMX exposure
2017-11-21 15:00:58.810 [main] INFO  org.springframework.jmx.export.annotation.AnnotationMBeanExporter - Located MBean 'dataSource': registering with JMX server as MBean [com.alibaba.druid.pool:name=dataSource,type=DruidDataSource]
2017-11-21 15:00:59.226 [main] INFO  com.alibaba.druid.pool.DruidDataSource - {dataSource-1} inited
2017-11-21 15:00:59.369 [main] INFO  org.apache.coyote.http11.Http11NioProtocol - Initializing ProtocolHandler ["http-nio-8080"]
2017-11-21 15:00:59.389 [main] INFO  org.apache.coyote.http11.Http11NioProtocol - Starting ProtocolHandler [http-nio-8080]
2017-11-21 15:00:59.392 [main] INFO  org.apache.tomcat.util.net.NioSelectorPool - Using a shared selector for servlet write/read
2017-11-21 15:00:59.409 [main] INFO  org.springframework.boot.context.embedded.tomcat.TomcatEmbeddedServletContainer - Tomcat started on port(s): 8080 (http)
2017-11-21 15:00:59.415 [main] INFO  com.ywt.jhamster.web.Start - Started Start in 47.005 seconds (JVM running for 53.173)
2017-11-21 15:03:07.710 [http-nio-8080-exec-1] INFO  org.apache.catalina.core.ContainerBase.[Tomcat].[localhost].[/] - Initializing Spring FrameworkServlet 'dispatcherServlet'
2017-11-21 15:03:07.711 [http-nio-8080-exec-1] INFO  org.springframework.web.servlet.DispatcherServlet - FrameworkServlet 'dispatcherServlet': initialization started
2017-11-21 15:03:07.764 [http-nio-8080-exec-1] INFO  org.springframework.web.servlet.DispatcherServlet - FrameworkServlet 'dispatcherServlet': initialization completed in 52 ms
2017-11-21 15:03:07.917 [http-nio-8080-exec-1] INFO  com.ywt.jhamster.payment.business.impl.PaymentServiceImpl - gameRecharge params:{"adminPw":"","characterId":122,"characterName":"1234324","money":3333,"payType":1,"server":10}
2017-11-21 15:06:32.389 [http-nio-8080-exec-3] INFO  com.ywt.jhamster.payment.business.impl.PaymentServiceImpl - gameRecharge params:{"adminPw":"","characterId":123,"characterName":"4444","money":200,"payType":0,"server":10}
2017-11-21 15:06:39.555 [http-nio-8080-exec-4] INFO  com.ywt.jhamster.payment.business.impl.PaymentServiceImpl - gameRecharge params:{"adminPw":"123123","characterId":123,"characterName":"4444","money":200,"payType":0,"server":10}
2017-11-21 15:06:44.173 [http-nio-8080-exec-5] INFO  com.ywt.jhamster.payment.business.impl.PaymentServiceImpl - gameRecharge params:{"adminPw":"123123","characterId":123,"characterName":"4444","money":200,"payType":0,"server":10}
2017-11-21 15:06:47.591 [http-nio-8080-exec-6] INFO  com.ywt.jhamster.payment.business.impl.PaymentServiceImpl - gameRecharge params:{"adminPw":"123123","characterId":123,"characterName":"4444","money":200,"payType":0,"server":10}
2017-11-21 15:06:51.552 [http-nio-8080-exec-7] INFO  com.ywt.jhamster.payment.business.impl.PaymentServiceImpl - gameRecharge params:{"adminPw":"123123","characterId":123,"characterName":"4444","money":200,"payType":0,"server":10}
2017-11-21 15:06:59.363 [http-nio-8080-exec-8] INFO  com.ywt.jhamster.payment.business.impl.PaymentServiceImpl - gameRecharge params:{"adminPw":"123123","characterId":123,"characterName":"4444","money":300,"payType":0,"server":10}
